<?xml version="1.0" encoding="UTF-8"?>
<robot generator="Robot 5.0.1 (Python 3.9.13 on win32)" generated="20230115 20:11:37.929" rpa="true" schemaversion="3">
<suite id="s1" name="Producer" source="c:\Users\nicoc\Documents\GitHub\RoboCorpsCurso\InhumanInsuranceCertiIII\producer.robot">
<test id="s1-t1" name="Produce traffic data work items" line="22">
<kw name="Download traffic data">
<kw name="Download" library="RPA.HTTP">
<arg>https://github.com/robocorp/inhuman-insurance-inc/raw/main/RS_198.json</arg>
<arg>${TRAFFIC_JSON_FILE_PATH}</arg>
<arg>overwrite=True</arg>
<doc>An alias for the ``HTTP Get`` keyword.</doc>
<msg timestamp="20230115 20:11:39.002" level="INFO">Creating a new HTTP session</msg>
<msg timestamp="20230115 20:11:39.004" level="INFO">Creating Session using : alias=rpasession_alias.httpsgithub.com, url=https://github.com, headers={},                     cookies={}, auth=None, timeout=None, proxies=None, verify=True,                     debug=0 </msg>
<status status="PASS" starttime="20230115 20:11:39.001" endtime="20230115 20:11:40.786"/>
</kw>
<status status="PASS" starttime="20230115 20:11:39.001" endtime="20230115 20:11:40.787"/>
</kw>
<kw name="Load traffic data as table">
<var>${traffic_data}</var>
<kw name="Load JSON from file" library="RPA.JSON">
<var>${json}</var>
<arg>${TRAFFIC_JSON_FILE_PATH}</arg>
<doc>Load JSON data from a file, and return it as JSON serializable object.
Depending on the input file the object can be either a dictionary,
a list, or a scalar value.</doc>
<msg timestamp="20230115 20:11:40.788" level="INFO">Loading JSON from file: C:\Users\nicoc\Documents\GitHub\RoboCorpsCurso\InhumanInsuranceCertiIII\traffic.json</msg>
<msg timestamp="20230115 20:11:40.895" level="INFO">${json} = {'@odata.context': 'https://ghoapi.azureedge.net/api/$metadata#RS_198', 'value': [{'Id': 25257658, 'IndicatorCode': 'RS_198', 'SpatialDimType': 'COUNTRY', 'SpatialDim': 'AFG', 'TimeDimType': 'YEAR', '...</msg>
<status status="PASS" starttime="20230115 20:11:40.788" endtime="20230115 20:11:40.895"/>
</kw>
<kw name="Create Table" library="RPA.Tables">
<var>${table}</var>
<arg>${json}[value]</arg>
<doc>Create Table object from data.</doc>
<msg timestamp="20230115 20:11:41.049" level="INFO">Created table: Table(columns=['Id', 'IndicatorCode', 'SpatialDimType', 'SpatialDim', 'TimeDimType', 'TimeDim', 'Dim1Type', 'Dim1', 'Dim2Type', 'Dim2', 'Dim3Type', 'Dim3', 'DataSourceDimType', 'DataSourceDim', 'Value', 'NumericValue', 'Low', 'High', 'Comments', 'Date', 'TimeDimensionValue', 'TimeDimensionBegin', 'TimeDimensionEnd'], rows=11640)</msg>
<msg timestamp="20230115 20:11:41.050" level="INFO">${table} = Table(columns=['Id', 'IndicatorCode', 'SpatialDimType', 'SpatialDim', 'TimeDimType', 'TimeDim', 'Dim1Type', 'Dim1', 'Dim2Type', 'Dim2', 'Dim3Type', 'Dim3', 'DataSourceDimType', 'DataSourceDim', 'Value...</msg>
<status status="PASS" starttime="20230115 20:11:40.896" endtime="20230115 20:11:41.050"/>
</kw>
<return>
<value>${table}</value>
<status status="PASS" starttime="20230115 20:11:41.051" endtime="20230115 20:11:41.051"/>
</return>
<msg timestamp="20230115 20:11:41.051" level="INFO">${traffic_data} = Table(columns=['Id', 'IndicatorCode', 'SpatialDimType', 'SpatialDim', 'TimeDimType', 'TimeDim', 'Dim1Type', 'Dim1', 'Dim2Type', 'Dim2', 'Dim3Type', 'Dim3', 'DataSourceDimType', 'DataSourceDim', 'Value...</msg>
<status status="PASS" starttime="20230115 20:11:40.787" endtime="20230115 20:11:41.051"/>
</kw>
<kw name="Filter and sort traffic data">
<var>${filtered_data}</var>
<arg>${traffic_data}</arg>
<kw name="Set Variable" library="BuiltIn">
<var>${max_rate}</var>
<arg>${5.0}</arg>
<doc>Returns the given values which can then be assigned to a variables.</doc>
<msg timestamp="20230115 20:11:41.053" level="INFO">${max_rate} = 5.0</msg>
<status status="PASS" starttime="20230115 20:11:41.052" endtime="20230115 20:11:41.053"/>
</kw>
<kw name="Set Variable" library="BuiltIn">
<var>${both_genders}</var>
<arg>BTSX</arg>
<doc>Returns the given values which can then be assigned to a variables.</doc>
<msg timestamp="20230115 20:11:41.053" level="INFO">${both_genders} = BTSX</msg>
<status status="PASS" starttime="20230115 20:11:41.053" endtime="20230115 20:11:41.053"/>
</kw>
<kw name="Filter Table By Column" library="RPA.Tables">
<arg>${table}</arg>
<arg>${RATE_KEY}</arg>
<arg>&lt;</arg>
<arg>${max_rate}</arg>
<doc>Remove all rows where column values don't match the
given condition.</doc>
<msg timestamp="20230115 20:11:41.074" level="INFO">Filtered -10339 rows</msg>
<status status="PASS" starttime="20230115 20:11:41.054" endtime="20230115 20:11:41.075"/>
</kw>
<kw name="Filter Table By Column" library="RPA.Tables">
<arg>${table}</arg>
<arg>${GENDER_KEY}</arg>
<arg>==</arg>
<arg>${both_genders}</arg>
<doc>Remove all rows where column values don't match the
given condition.</doc>
<msg timestamp="20230115 20:11:41.078" level="INFO">Filtered -1056 rows</msg>
<status status="PASS" starttime="20230115 20:11:41.075" endtime="20230115 20:11:41.078"/>
</kw>
<kw name="Sort Table By Column" library="RPA.Tables">
<arg>${table}</arg>
<arg>${YEAR_KEY}</arg>
<arg>False</arg>
<doc>Sort a table in-place according to ``column``.</doc>
<status status="PASS" starttime="20230115 20:11:41.078" endtime="20230115 20:11:41.079"/>
</kw>
<return>
<value>${table}</value>
<status status="PASS" starttime="20230115 20:11:41.079" endtime="20230115 20:11:41.079"/>
</return>
<msg timestamp="20230115 20:11:41.079" level="INFO">${filtered_data} = Table(columns=['Id', 'IndicatorCode', 'SpatialDimType', 'SpatialDim', 'TimeDimType', 'TimeDim', 'Dim1Type', 'Dim1', 'Dim2Type', 'Dim2', 'Dim3Type', 'Dim3', 'DataSourceDimType', 'DataSourceDim', 'Value...</msg>
<status status="PASS" starttime="20230115 20:11:41.052" endtime="20230115 20:11:41.080"/>
</kw>
<kw name="Get latest data by country">
<var>${filtered_data}</var>
<arg>${filtered_data}</arg>
<kw name="Group Table By Column" library="RPA.Tables">
<var>${table}</var>
<arg>${table}</arg>
<arg>${COUNTRY_KEY}</arg>
<doc>Group a table by ``column`` and return a list of grouped Tables.</doc>
<msg timestamp="20230115 20:11:41.088" level="INFO">Found 30 groups</msg>
<msg timestamp="20230115 20:11:41.089" level="INFO">${table} = [Table(columns=['Id', 'IndicatorCode', 'SpatialDimType', 'SpatialDim', 'TimeDimType', 'TimeDim', 'Dim1Type', 'Dim1', 'Dim2Type', 'Dim2', 'Dim3Type', 'Dim3', 'DataSourceDimType', 'DataSourceDim', 'Valu...</msg>
<status status="PASS" starttime="20230115 20:11:41.080" endtime="20230115 20:11:41.089"/>
</kw>
<kw name="Create List" library="BuiltIn">
<var>${latest_data_by_country}</var>
<doc>Returns a list containing given items.</doc>
<msg timestamp="20230115 20:11:41.089" level="INFO">${latest_data_by_country} = []</msg>
<status status="PASS" starttime="20230115 20:11:41.089" endtime="20230115 20:11:41.089"/>
</kw>
<for flavor="IN">
<var>${group}</var>
<value>@{table}</value>
<iter>
<var name="${group}">Table(columns=['Id', 'IndicatorCode', 'SpatialDimType', 'SpatialDim', 'TimeDimType', 'TimeDim', 'Dim1Type', 'Dim1', 'Dim2Type', 'Dim2', 'Dim3Type', 'Dim3', 'DataSourceDimType', 'DataSourceDim', 'Value...</var>
<kw name="Pop Table Row" library="RPA.Tables">
<var>${first_row}</var>
<arg>${group}</arg>
<doc>Remove row from table and return it.</doc>
<msg timestamp="20230115 20:11:41.090" level="INFO">${first_row} = {'Id': 25414305, 'IndicatorCode': 'RS_198', 'SpatialDimType': 'COUNTRY', 'SpatialDim': 'VCT', 'TimeDimType': 'YEAR', 'TimeDim': 2011, 'Dim1Type': 'SEX', 'Dim1': 'BTSX', 'Dim2Type': None, 'Dim2': None,...</msg>
<status status="PASS" starttime="20230115 20:11:41.090" endtime="20230115 20:11:41.090"/>
</kw>
<kw name="Append To List" library="Collections">
<arg>${latest_data_by_country}</arg>
<arg>${first_row}</arg>
<doc>Adds ``values`` to the end of ``list``.</doc>
<status status="PASS" starttime="20230115 20:11:41.090" endtime="20230115 20:11:41.091"/>
</kw>
<status status="PASS" starttime="20230115 20:11:41.090" endtime="20230115 20:11:41.091"/>
</iter>
<iter>
<var name="${group}">Table(columns=['Id', 'IndicatorCode', 'SpatialDimType', 'SpatialDim', 'TimeDimType', 'TimeDim', 'Dim1Type', 'Dim1', 'Dim2Type', 'Dim2', 'Dim3Type', 'Dim3', 'DataSourceDimType', 'DataSourceDim', 'Value...</var>
<kw name="Pop Table Row" library="RPA.Tables">
<var>${first_row}</var>
<arg>${group}</arg>
<doc>Remove row from table and return it.</doc>
<msg timestamp="20230115 20:11:41.091" level="INFO">${first_row} = {'Id': 25396290, 'IndicatorCode': 'RS_198', 'SpatialDimType': 'COUNTRY', 'SpatialDim': 'SWError', 'TimeDimType': 'YEAR', 'TimeDim': 2019, 'Dim1Type': 'SEX', 'Dim1': 'BTSX', 'Dim2Type': None, 'Dim2': N...</msg>
<status status="PASS" starttime="20230115 20:11:41.091" endtime="20230115 20:11:41.091"/>
</kw>
<kw name="Append To List" library="Collections">
<arg>${latest_data_by_country}</arg>
<arg>${first_row}</arg>
<doc>Adds ``values`` to the end of ``list``.</doc>
<status status="PASS" starttime="20230115 20:11:41.092" endtime="20230115 20:11:41.092"/>
</kw>
<status status="PASS" starttime="20230115 20:11:41.091" endtime="20230115 20:11:41.092"/>
</iter>
<iter>
<var name="${group}">Table(columns=['Id', 'IndicatorCode', 'SpatialDimType', 'SpatialDim', 'TimeDimType', 'TimeDim', 'Dim1Type', 'Dim1', 'Dim2Type', 'Dim2', 'Dim3Type', 'Dim3', 'DataSourceDimType', 'DataSourceDim', 'Value...</var>
<kw name="Pop Table Row" library="RPA.Tables">
<var>${first_row}</var>
<arg>${group}</arg>
<doc>Remove row from table and return it.</doc>
<msg timestamp="20230115 20:11:41.093" level="INFO">${first_row} = {'Id': 25396263, 'IndicatorCode': 'RS_198', 'SpatialDimType': 'COUNTRY', 'SpatialDim': 'SWE', 'TimeDimType': 'YEAR', 'TimeDim': 2018, 'Dim1Type': 'SEX', 'Dim1': 'BTSX', 'Dim2Type': None, 'Dim2': None,...</msg>
<status status="PASS" starttime="20230115 20:11:41.093" endtime="20230115 20:11:41.093"/>
</kw>
<kw name="Append To List" library="Collections">
<arg>${latest_data_by_country}</arg>
<arg>${first_row}</arg>
<doc>Adds ``values`` to the end of ``list``.</doc>
<status status="PASS" starttime="20230115 20:11:41.093" endtime="20230115 20:11:41.093"/>
</kw>
<status status="PASS" starttime="20230115 20:11:41.092" endtime="20230115 20:11:41.093"/>
</iter>
<iter>
<var name="${group}">Table(columns=['Id', 'IndicatorCode', 'SpatialDimType', 'SpatialDim', 'TimeDimType', 'TimeDim', 'Dim1Type', 'Dim1', 'Dim2Type', 'Dim2', 'Dim3Type', 'Dim3', 'DataSourceDimType', 'DataSourceDim', 'Value...</var>
<kw name="Pop Table Row" library="RPA.Tables">
<var>${first_row}</var>
<arg>${group}</arg>
<doc>Remove row from table and return it.</doc>
<msg timestamp="20230115 20:11:41.094" level="INFO">${first_row} = {'Id': 25395399, 'IndicatorCode': 'RS_198', 'SpatialDimType': 'COUNTRY', 'SpatialDim': 'SVN', 'TimeDimType': 'YEAR', 'TimeDim': 2018, 'Dim1Type': 'SEX', 'Dim1': 'BTSX', 'Dim2Type': None, 'Dim2': None,...</msg>
<status status="PASS" starttime="20230115 20:11:41.094" endtime="20230115 20:11:41.094"/>
</kw>
<kw name="Append To List" library="Collections">
<arg>${latest_data_by_country}</arg>
<arg>${first_row}</arg>
<doc>Adds ``values`` to the end of ``list``.</doc>
<status status="PASS" starttime="20230115 20:11:41.094" endtime="20230115 20:11:41.095"/>
</kw>
<status status="PASS" starttime="20230115 20:11:41.094" endtime="20230115 20:11:41.095"/>
</iter>
<iter>
<var name="${group}">Table(columns=['Id', 'IndicatorCode', 'SpatialDimType', 'SpatialDim', 'TimeDimType', 'TimeDim', 'Dim1Type', 'Dim1', 'Dim2Type', 'Dim2', 'Dim3Type', 'Dim3', 'DataSourceDimType', 'DataSourceDim', 'Value...</var>
<kw name="Pop Table Row" library="RPA.Tables">
<var>${first_row}</var>
<arg>${group}</arg>
<doc>Remove row from table and return it.</doc>
<msg timestamp="20230115 20:11:41.095" level="INFO">${first_row} = {'Id': 25386375, 'IndicatorCode': 'RS_198', 'SpatialDimType': 'COUNTRY', 'SpatialDim': 'SGP', 'TimeDimType': 'YEAR', 'TimeDim': 2019, 'Dim1Type': 'SEX', 'Dim1': 'BTSX', 'Dim2Type': None, 'Dim2': None,...</msg>
<status status="PASS" starttime="20230115 20:11:41.095" endtime="20230115 20:11:41.095"/>
</kw>
<kw name="Append To List" library="Collections">
<arg>${latest_data_by_country}</arg>
<arg>${first_row}</arg>
<doc>Adds ``values`` to the end of ``list``.</doc>
<status status="PASS" starttime="20230115 20:11:41.096" endtime="20230115 20:11:41.096"/>
</kw>
<status status="PASS" starttime="20230115 20:11:41.095" endtime="20230115 20:11:41.096"/>
</iter>
<iter>
<var name="${group}">Table(columns=['Id', 'IndicatorCode', 'SpatialDimType', 'SpatialDim', 'TimeDimType', 'TimeDim', 'Dim1Type', 'Dim1', 'Dim2Type', 'Dim2', 'Dim3Type', 'Dim3', 'DataSourceDimType', 'DataSourceDim', 'Value...</var>
<kw name="Pop Table Row" library="RPA.Tables">
<var>${first_row}</var>
<arg>${group}</arg>
<doc>Remove row from table and return it.</doc>
<msg timestamp="20230115 20:11:41.096" level="INFO">${first_row} = {'Id': 25368358, 'IndicatorCode': 'RS_198', 'SpatialDimType': 'COUNTRY', 'SpatialDim': 'NOR', 'TimeDimType': 'YEAR', 'TimeDim': 2019, 'Dim1Type': 'SEX', 'Dim1': 'BTSX', 'Dim2Type': None, 'Dim2': None,...</msg>
<status status="PASS" starttime="20230115 20:11:41.096" endtime="20230115 20:11:41.097"/>
</kw>
<kw name="Append To List" library="Collections">
<arg>${latest_data_by_country}</arg>
<arg>${first_row}</arg>
<doc>Adds ``values`` to the end of ``list``.</doc>
<status status="PASS" starttime="20230115 20:11:41.097" endtime="20230115 20:11:41.097"/>
</kw>
<status status="PASS" starttime="20230115 20:11:41.096" endtime="20230115 20:11:41.097"/>
</iter>
<iter>
<var name="${group}">Table(columns=['Id', 'IndicatorCode', 'SpatialDimType', 'SpatialDim', 'TimeDimType', 'TimeDim', 'Dim1Type', 'Dim1', 'Dim2Type', 'Dim2', 'Dim3Type', 'Dim3', 'DataSourceDimType', 'DataSourceDim', 'Value...</var>
<kw name="Pop Table Row" library="RPA.Tables">
<var>${first_row}</var>
<arg>${group}</arg>
<doc>Remove row from table and return it.</doc>
<msg timestamp="20230115 20:11:41.098" level="INFO">${first_row} = {'Id': 25367485, 'IndicatorCode': 'RS_198', 'SpatialDimType': 'COUNTRY', 'SpatialDim': 'NLD', 'TimeDimType': 'YEAR', 'TimeDim': 2019, 'Dim1Type': 'SEX', 'Dim1': 'BTSX', 'Dim2Type': None, 'Dim2': None,...</msg>
<status status="PASS" starttime="20230115 20:11:41.097" endtime="20230115 20:11:41.098"/>
</kw>
<kw name="Append To List" library="Collections">
<arg>${latest_data_by_country}</arg>
<arg>${first_row}</arg>
<doc>Adds ``values`` to the end of ``list``.</doc>
<status status="PASS" starttime="20230115 20:11:41.098" endtime="20230115 20:11:41.098"/>
</kw>
<status status="PASS" starttime="20230115 20:11:41.097" endtime="20230115 20:11:41.098"/>
</iter>
<iter>
<var name="${group}">Table(columns=['Id', 'IndicatorCode', 'SpatialDimType', 'SpatialDim', 'TimeDimType', 'TimeDim', 'Dim1Type', 'Dim1', 'Dim2Type', 'Dim2', 'Dim3Type', 'Dim3', 'DataSourceDimType', 'DataSourceDim', 'Value...</var>
<kw name="Pop Table Row" library="RPA.Tables">
<var>${first_row}</var>
<arg>${group}</arg>
<doc>Remove row from table and return it.</doc>
<msg timestamp="20230115 20:11:41.099" level="INFO">${first_row} = {'Id': 25355795, 'IndicatorCode': 'RS_198', 'SpatialDimType': 'COUNTRY', 'SpatialDim': 'MLT', 'TimeDimType': 'YEAR', 'TimeDim': 2019, 'Dim1Type': 'SEX', 'Dim1': 'BTSX', 'Dim2Type': None, 'Dim2': None,...</msg>
<status status="PASS" starttime="20230115 20:11:41.098" endtime="20230115 20:11:41.099"/>
</kw>
<kw name="Append To List" library="Collections">
<arg>${latest_data_by_country}</arg>
<arg>${first_row}</arg>
<doc>Adds ``values`` to the end of ``list``.</doc>
<status status="PASS" starttime="20230115 20:11:41.099" endtime="20230115 20:11:41.099"/>
</kw>
<status status="PASS" starttime="20230115 20:11:41.098" endtime="20230115 20:11:41.099"/>
</iter>
<iter>
<var name="${group}">Table(columns=['Id', 'IndicatorCode', 'SpatialDimType', 'SpatialDim', 'TimeDimType', 'TimeDim', 'Dim1Type', 'Dim1', 'Dim2Type', 'Dim2', 'Dim3Type', 'Dim3', 'DataSourceDimType', 'DataSourceDim', 'Value...</var>
<kw name="Pop Table Row" library="RPA.Tables">
<var>${first_row}</var>
<arg>${group}</arg>
<doc>Remove row from table and return it.</doc>
<msg timestamp="20230115 20:11:41.100" level="INFO">${first_row} = {'Id': 25352172, 'IndicatorCode': 'RS_198', 'SpatialDimType': 'COUNTRY', 'SpatialDim': 'MDV', 'TimeDimType': 'YEAR', 'TimeDim': 2019, 'Dim1Type': 'SEX', 'Dim1': 'BTSX', 'Dim2Type': None, 'Dim2': None,...</msg>
<status status="PASS" starttime="20230115 20:11:41.100" endtime="20230115 20:11:41.100"/>
</kw>
<kw name="Append To List" library="Collections">
<arg>${latest_data_by_country}</arg>
<arg>${first_row}</arg>
<doc>Adds ``values`` to the end of ``list``.</doc>
<status status="PASS" starttime="20230115 20:11:41.100" endtime="20230115 20:11:41.101"/>
</kw>
<status status="PASS" starttime="20230115 20:11:41.099" endtime="20230115 20:11:41.101"/>
</iter>
<iter>
<var name="${group}">Table(columns=['Id', 'IndicatorCode', 'SpatialDimType', 'SpatialDim', 'TimeDimType', 'TimeDim', 'Dim1Type', 'Dim1', 'Dim2Type', 'Dim2', 'Dim3Type', 'Dim3', 'DataSourceDimType', 'DataSourceDim', 'Value...</var>
<kw name="Pop Table Row" library="RPA.Tables">
<var>${first_row}</var>
<arg>${group}</arg>
<doc>Remove row from table and return it.</doc>
<msg timestamp="20230115 20:11:41.101" level="INFO">${first_row} = {'Id': 25347667, 'IndicatorCode': 'RS_198', 'SpatialDimType': 'COUNTRY', 'SpatialDim': 'LUX', 'TimeDimType': 'YEAR', 'TimeDim': 2019, 'Dim1Type': 'SEX', 'Dim1': 'BTSX', 'Dim2Type': None, 'Dim2': None,...</msg>
<status status="PASS" starttime="20230115 20:11:41.101" endtime="20230115 20:11:41.101"/>
</kw>
<kw name="Append To List" library="Collections">
<arg>${latest_data_by_country}</arg>
<arg>${first_row}</arg>
<doc>Adds ``values`` to the end of ``list``.</doc>
<status status="PASS" starttime="20230115 20:11:41.102" endtime="20230115 20:11:41.102"/>
</kw>
<status status="PASS" starttime="20230115 20:11:41.101" endtime="20230115 20:11:41.102"/>
</iter>
<iter>
<var name="${group}">Table(columns=['Id', 'IndicatorCode', 'SpatialDimType', 'SpatialDim', 'TimeDimType', 'TimeDim', 'Dim1Type', 'Dim1', 'Dim2Type', 'Dim2', 'Dim3Type', 'Dim3', 'DataSourceDimType', 'DataSourceDim', 'Value...</var>
<kw name="Pop Table Row" library="RPA.Tables">
<var>${first_row}</var>
<arg>${group}</arg>
<doc>Remove row from table and return it.</doc>
<msg timestamp="20230115 20:11:41.103" level="INFO">${first_row} = {'Id': 25344109, 'IndicatorCode': 'RS_198', 'SpatialDimType': 'COUNTRY', 'SpatialDim': 'LCA', 'TimeDimType': 'YEAR', 'TimeDim': 2008, 'Dim1Type': 'SEX', 'Dim1': 'BTSX', 'Dim2Type': None, 'Dim2': None,...</msg>
<status status="PASS" starttime="20230115 20:11:41.102" endtime="20230115 20:11:41.103"/>
</kw>
<kw name="Append To List" library="Collections">
<arg>${latest_data_by_country}</arg>
<arg>${first_row}</arg>
<doc>Adds ``values`` to the end of ``list``.</doc>
<status status="PASS" starttime="20230115 20:11:41.103" endtime="20230115 20:11:41.104"/>
</kw>
<status status="PASS" starttime="20230115 20:11:41.102" endtime="20230115 20:11:41.104"/>
</iter>
<iter>
<var name="${group}">Table(columns=['Id', 'IndicatorCode', 'SpatialDimType', 'SpatialDim', 'TimeDimType', 'TimeDim', 'Dim1Type', 'Dim1', 'Dim2Type', 'Dim2', 'Dim3Type', 'Dim3', 'DataSourceDimType', 'DataSourceDim', 'Value...</var>
<kw name="Pop Table Row" library="RPA.Tables">
<var>${first_row}</var>
<arg>${group}</arg>
<doc>Remove row from table and return it.</doc>
<msg timestamp="20230115 20:11:41.105" level="INFO">${first_row} = {'Id': 25337776, 'IndicatorCode': 'RS_198', 'SpatialDimType': 'COUNTRY', 'SpatialDim': 'KIR', 'TimeDimType': 'YEAR', 'TimeDim': 2019, 'Dim1Type': 'SEX', 'Dim1': 'BTSX', 'Dim2Type': None, 'Dim2': None,...</msg>
<status status="PASS" starttime="20230115 20:11:41.104" endtime="20230115 20:11:41.105"/>
</kw>
<kw name="Append To List" library="Collections">
<arg>${latest_data_by_country}</arg>
<arg>${first_row}</arg>
<doc>Adds ``values`` to the end of ``list``.</doc>
<status status="PASS" starttime="20230115 20:11:41.105" endtime="20230115 20:11:41.105"/>
</kw>
<status status="PASS" starttime="20230115 20:11:41.104" endtime="20230115 20:11:41.105"/>
</iter>
<iter>
<var name="${group}">Table(columns=['Id', 'IndicatorCode', 'SpatialDimType', 'SpatialDim', 'TimeDimType', 'TimeDim', 'Dim1Type', 'Dim1', 'Dim2Type', 'Dim2', 'Dim3Type', 'Dim3', 'DataSourceDimType', 'DataSourceDim', 'Value...</var>
<kw name="Pop Table Row" library="RPA.Tables">
<var>${first_row}</var>
<arg>${group}</arg>
<doc>Remove row from table and return it.</doc>
<msg timestamp="20230115 20:11:41.106" level="INFO">${first_row} = {'Id': 25333279, 'IndicatorCode': 'RS_198', 'SpatialDimType': 'COUNTRY', 'SpatialDim': 'JPN', 'TimeDimType': 'YEAR', 'TimeDim': 2019, 'Dim1Type': 'SEX', 'Dim1': 'BTSX', 'Dim2Type': None, 'Dim2': None,...</msg>
<status status="PASS" starttime="20230115 20:11:41.106" endtime="20230115 20:11:41.106"/>
</kw>
<kw name="Append To List" library="Collections">
<arg>${latest_data_by_country}</arg>
<arg>${first_row}</arg>
<doc>Adds ``values`` to the end of ``list``.</doc>
<status status="PASS" starttime="20230115 20:11:41.107" endtime="20230115 20:11:41.107"/>
</kw>
<status status="PASS" starttime="20230115 20:11:41.106" endtime="20230115 20:11:41.107"/>
</iter>
<iter>
<var name="${group}">Table(columns=['Id', 'IndicatorCode', 'SpatialDimType', 'SpatialDim', 'TimeDimType', 'TimeDim', 'Dim1Type', 'Dim1', 'Dim2Type', 'Dim2', 'Dim3Type', 'Dim3', 'DataSourceDimType', 'DataSourceDim', 'Value...</var>
<kw name="Pop Table Row" library="RPA.Tables">
<var>${first_row}</var>
<arg>${group}</arg>
<doc>Remove row from table and return it.</doc>
<msg timestamp="20230115 20:11:41.108" level="INFO">${first_row} = {'Id': 25329697, 'IndicatorCode': 'RS_198', 'SpatialDimType': 'COUNTRY', 'SpatialDim': 'ISR', 'TimeDimType': 'YEAR', 'TimeDim': 2019, 'Dim1Type': 'SEX', 'Dim1': 'BTSX', 'Dim2Type': None, 'Dim2': None,...</msg>
<status status="PASS" starttime="20230115 20:11:41.108" endtime="20230115 20:11:41.108"/>
</kw>
<kw name="Append To List" library="Collections">
<arg>${latest_data_by_country}</arg>
<arg>${first_row}</arg>
<doc>Adds ``values`` to the end of ``list``.</doc>
<status status="PASS" starttime="20230115 20:11:41.108" endtime="20230115 20:11:41.109"/>
</kw>
<status status="PASS" starttime="20230115 20:11:41.107" endtime="20230115 20:11:41.109"/>
</iter>
<iter>
<var name="${group}">Table(columns=['Id', 'IndicatorCode', 'SpatialDimType', 'SpatialDim', 'TimeDimType', 'TimeDim', 'Dim1Type', 'Dim1', 'Dim2Type', 'Dim2', 'Dim3Type', 'Dim3', 'DataSourceDimType', 'DataSourceDim', 'Value...</var>
<kw name="Pop Table Row" library="RPA.Tables">
<var>${first_row}</var>
<arg>${group}</arg>
<doc>Remove row from table and return it.</doc>
<msg timestamp="20230115 20:11:41.110" level="INFO">${first_row} = {'Id': 25328814, 'IndicatorCode': 'RS_198', 'SpatialDimType': 'COUNTRY', 'SpatialDim': 'ISL', 'TimeDimType': 'YEAR', 'TimeDim': 2019, 'Dim1Type': 'SEX', 'Dim1': 'BTSX', 'Dim2Type': None, 'Dim2': None,...</msg>
<status status="PASS" starttime="20230115 20:11:41.110" endtime="20230115 20:11:41.110"/>
</kw>
<kw name="Append To List" library="Collections">
<arg>${latest_data_by_country}</arg>
<arg>${first_row}</arg>
<doc>Adds ``values`` to the end of ``list``.</doc>
<status status="PASS" starttime="20230115 20:11:41.110" endtime="20230115 20:11:41.111"/>
</kw>
<status status="PASS" starttime="20230115 20:11:41.109" endtime="20230115 20:11:41.111"/>
</iter>
<iter>
<var name="${group}">Table(columns=['Id', 'IndicatorCode', 'SpatialDimType', 'SpatialDim', 'TimeDimType', 'TimeDim', 'Dim1Type', 'Dim1', 'Dim2Type', 'Dim2', 'Dim3Type', 'Dim3', 'DataSourceDimType', 'DataSourceDim', 'Value...</var>
<kw name="Pop Table Row" library="RPA.Tables">
<var>${first_row}</var>
<arg>${group}</arg>
<doc>Remove row from table and return it.</doc>
<msg timestamp="20230115 20:11:41.111" level="INFO">${first_row} = {'Id': 25326084, 'IndicatorCode': 'RS_198', 'SpatialDimType': 'COUNTRY', 'SpatialDim': 'IRL', 'TimeDimType': 'YEAR', 'TimeDim': 2019, 'Dim1Type': 'SEX', 'Dim1': 'BTSX', 'Dim2Type': None, 'Dim2': None,...</msg>
<status status="PASS" starttime="20230115 20:11:41.111" endtime="20230115 20:11:41.111"/>
</kw>
<kw name="Append To List" library="Collections">
<arg>${latest_data_by_country}</arg>
<arg>${first_row}</arg>
<doc>Adds ``values`` to the end of ``list``.</doc>
<status status="PASS" starttime="20230115 20:11:41.112" endtime="20230115 20:11:41.112"/>
</kw>
<status status="PASS" starttime="20230115 20:11:41.111" endtime="20230115 20:11:41.112"/>
</iter>
<iter>
<var name="${group}">Table(columns=['Id', 'IndicatorCode', 'SpatialDimType', 'SpatialDim', 'TimeDimType', 'TimeDim', 'Dim1Type', 'Dim1', 'Dim2Type', 'Dim2', 'Dim3Type', 'Dim3', 'DataSourceDimType', 'DataSourceDim', 'Value...</var>
<kw name="Pop Table Row" library="RPA.Tables">
<var>${first_row}</var>
<arg>${group}</arg>
<doc>Remove row from table and return it.</doc>
<msg timestamp="20230115 20:11:41.113" level="INFO">${first_row} = {'Id': 25318901, 'IndicatorCode': 'RS_198', 'SpatialDimType': 'COUNTRY', 'SpatialDim': 'GTM', 'TimeDimType': 'YEAR', 'TimeDim': 2006, 'Dim1Type': 'SEX', 'Dim1': 'BTSX', 'Dim2Type': None, 'Dim2': None,...</msg>
<status status="PASS" starttime="20230115 20:11:41.112" endtime="20230115 20:11:41.113"/>
</kw>
<kw name="Append To List" library="Collections">
<arg>${latest_data_by_country}</arg>
<arg>${first_row}</arg>
<doc>Adds ``values`` to the end of ``list``.</doc>
<status status="PASS" starttime="20230115 20:11:41.113" endtime="20230115 20:11:41.113"/>
</kw>
<status status="PASS" starttime="20230115 20:11:41.112" endtime="20230115 20:11:41.113"/>
</iter>
<iter>
<var name="${group}">Table(columns=['Id', 'IndicatorCode', 'SpatialDimType', 'SpatialDim', 'TimeDimType', 'TimeDim', 'Dim1Type', 'Dim1', 'Dim2Type', 'Dim2', 'Dim3Type', 'Dim3', 'DataSourceDimType', 'DataSourceDim', 'Value...</var>
<kw name="Pop Table Row" library="RPA.Tables">
<var>${first_row}</var>
<arg>${group}</arg>
<doc>Remove row from table and return it.</doc>
<msg timestamp="20230115 20:11:41.114" level="INFO">${first_row} = {'Id': 25317960, 'IndicatorCode': 'RS_198', 'SpatialDimType': 'COUNTRY', 'SpatialDim': 'GRD', 'TimeDimType': 'YEAR', 'TimeDim': 2014, 'Dim1Type': 'SEX', 'Dim1': 'BTSX', 'Dim2Type': None, 'Dim2': None,...</msg>
<status status="PASS" starttime="20230115 20:11:41.113" endtime="20230115 20:11:41.114"/>
</kw>
<kw name="Append To List" library="Collections">
<arg>${latest_data_by_country}</arg>
<arg>${first_row}</arg>
<doc>Adds ``values`` to the end of ``list``.</doc>
<status status="PASS" starttime="20230115 20:11:41.114" endtime="20230115 20:11:41.114"/>
</kw>
<status status="PASS" starttime="20230115 20:11:41.113" endtime="20230115 20:11:41.114"/>
</iter>
<iter>
<var name="${group}">Table(columns=['Id', 'IndicatorCode', 'SpatialDimType', 'SpatialDim', 'TimeDimType', 'TimeDim', 'Dim1Type', 'Dim1', 'Dim2Type', 'Dim2', 'Dim3Type', 'Dim3', 'DataSourceDimType', 'DataSourceDim', 'Value...</var>
<kw name="Pop Table Row" library="RPA.Tables">
<var>${first_row}</var>
<arg>${group}</arg>
<doc>Remove row from table and return it.</doc>
<msg timestamp="20230115 20:11:41.115" level="INFO">${first_row} = {'Id': 25310762, 'IndicatorCode': 'RS_198', 'SpatialDimType': 'COUNTRY', 'SpatialDim': 'GBR', 'TimeDimType': 'YEAR', 'TimeDim': 2019, 'Dim1Type': 'SEX', 'Dim1': 'BTSX', 'Dim2Type': None, 'Dim2': None,...</msg>
<status status="PASS" starttime="20230115 20:11:41.115" endtime="20230115 20:11:41.115"/>
</kw>
<kw name="Append To List" library="Collections">
<arg>${latest_data_by_country}</arg>
<arg>${first_row}</arg>
<doc>Adds ``values`` to the end of ``list``.</doc>
<status status="PASS" starttime="20230115 20:11:41.115" endtime="20230115 20:11:41.115"/>
</kw>
<status status="PASS" starttime="20230115 20:11:41.114" endtime="20230115 20:11:41.115"/>
</iter>
<iter>
<var name="${group}">Table(columns=['Id', 'IndicatorCode', 'SpatialDimType', 'SpatialDim', 'TimeDimType', 'TimeDim', 'Dim1Type', 'Dim1', 'Dim2Type', 'Dim2', 'Dim3Type', 'Dim3', 'DataSourceDimType', 'DataSourceDim', 'Value...</var>
<kw name="Pop Table Row" library="RPA.Tables">
<var>${first_row}</var>
<arg>${group}</arg>
<doc>Remove row from table and return it.</doc>
<msg timestamp="20230115 20:11:41.116" level="INFO">${first_row} = {'Id': 25308972, 'IndicatorCode': 'RS_198', 'SpatialDimType': 'COUNTRY', 'SpatialDim': 'FSM', 'TimeDimType': 'YEAR', 'TimeDim': 2019, 'Dim1Type': 'SEX', 'Dim1': 'BTSX', 'Dim2Type': None, 'Dim2': None,...</msg>
<status status="PASS" starttime="20230115 20:11:41.116" endtime="20230115 20:11:41.116"/>
</kw>
<kw name="Append To List" library="Collections">
<arg>${latest_data_by_country}</arg>
<arg>${first_row}</arg>
<doc>Adds ``values`` to the end of ``list``.</doc>
<status status="PASS" starttime="20230115 20:11:41.116" endtime="20230115 20:11:41.117"/>
</kw>
<status status="PASS" starttime="20230115 20:11:41.116" endtime="20230115 20:11:41.117"/>
</iter>
<iter>
<var name="${group}">Table(columns=['Id', 'IndicatorCode', 'SpatialDimType', 'SpatialDim', 'TimeDimType', 'TimeDim', 'Dim1Type', 'Dim1', 'Dim2Type', 'Dim2', 'Dim3Type', 'Dim3', 'DataSourceDimType', 'DataSourceDim', 'Value...</var>
<kw name="Pop Table Row" library="RPA.Tables">
<var>${first_row}</var>
<arg>${group}</arg>
<doc>Remove row from table and return it.</doc>
<msg timestamp="20230115 20:11:41.117" level="INFO">${first_row} = {'Id': 25306262, 'IndicatorCode': 'RS_198', 'SpatialDimType': 'COUNTRY', 'SpatialDim': 'FIN', 'TimeDimType': 'YEAR', 'TimeDim': 2019, 'Dim1Type': 'SEX', 'Dim1': 'BTSX', 'Dim2Type': None, 'Dim2': None,...</msg>
<status status="PASS" starttime="20230115 20:11:41.117" endtime="20230115 20:11:41.117"/>
</kw>
<kw name="Append To List" library="Collections">
<arg>${latest_data_by_country}</arg>
<arg>${first_row}</arg>
<doc>Adds ``values`` to the end of ``list``.</doc>
<status status="PASS" starttime="20230115 20:11:41.117" endtime="20230115 20:11:41.118"/>
</kw>
<status status="PASS" starttime="20230115 20:11:41.117" endtime="20230115 20:11:41.118"/>
</iter>
<iter>
<var name="${group}">Table(columns=['Id', 'IndicatorCode', 'SpatialDimType', 'SpatialDim', 'TimeDimType', 'TimeDim', 'Dim1Type', 'Dim1', 'Dim2Type', 'Dim2', 'Dim3Type', 'Dim3', 'DataSourceDimType', 'DataSourceDim', 'Value...</var>
<kw name="Pop Table Row" library="RPA.Tables">
<var>${first_row}</var>
<arg>${group}</arg>
<doc>Remove row from table and return it.</doc>
<msg timestamp="20230115 20:11:41.118" level="INFO">${first_row} = {'Id': 25304500, 'IndicatorCode': 'RS_198', 'SpatialDimType': 'COUNTRY', 'SpatialDim': 'EST', 'TimeDimType': 'YEAR', 'TimeDim': 2019, 'Dim1Type': 'SEX', 'Dim1': 'BTSX', 'Dim2Type': None, 'Dim2': None,...</msg>
<status status="PASS" starttime="20230115 20:11:41.118" endtime="20230115 20:11:41.119"/>
</kw>
<kw name="Append To List" library="Collections">
<arg>${latest_data_by_country}</arg>
<arg>${first_row}</arg>
<doc>Adds ``values`` to the end of ``list``.</doc>
<status status="PASS" starttime="20230115 20:11:41.119" endtime="20230115 20:11:41.119"/>
</kw>
<status status="PASS" starttime="20230115 20:11:41.118" endtime="20230115 20:11:41.119"/>
</iter>
<iter>
<var name="${group}">Table(columns=['Id', 'IndicatorCode', 'SpatialDimType', 'SpatialDim', 'TimeDimType', 'TimeDim', 'Dim1Type', 'Dim1', 'Dim2Type', 'Dim2', 'Dim3Type', 'Dim3', 'DataSourceDimType', 'DataSourceDim', 'Value...</var>
<kw name="Pop Table Row" library="RPA.Tables">
<var>${first_row}</var>
<arg>${group}</arg>
<doc>Remove row from table and return it.</doc>
<msg timestamp="20230115 20:11:41.120" level="INFO">${first_row} = {'Id': 25303612, 'IndicatorCode': 'RS_198', 'SpatialDimType': 'COUNTRY', 'SpatialDim': 'ESP', 'TimeDimType': 'YEAR', 'TimeDim': 2019, 'Dim1Type': 'SEX', 'Dim1': 'BTSX', 'Dim2Type': None, 'Dim2': None,...</msg>
<status status="PASS" starttime="20230115 20:11:41.119" endtime="20230115 20:11:41.120"/>
</kw>
<kw name="Append To List" library="Collections">
<arg>${latest_data_by_country}</arg>
<arg>${first_row}</arg>
<doc>Adds ``values`` to the end of ``list``.</doc>
<status status="PASS" starttime="20230115 20:11:41.120" endtime="20230115 20:11:41.120"/>
</kw>
<status status="PASS" starttime="20230115 20:11:41.119" endtime="20230115 20:11:41.120"/>
</iter>
<iter>
<var name="${group}">Table(columns=['Id', 'IndicatorCode', 'SpatialDimType', 'SpatialDim', 'TimeDimType', 'TimeDim', 'Dim1Type', 'Dim1', 'Dim2Type', 'Dim2', 'Dim3Type', 'Dim3', 'DataSourceDimType', 'DataSourceDim', 'Value...</var>
<kw name="Pop Table Row" library="RPA.Tables">
<var>${first_row}</var>
<arg>${group}</arg>
<doc>Remove row from table and return it.</doc>
<msg timestamp="20230115 20:11:41.121" level="INFO">${first_row} = {'Id': 25298206, 'IndicatorCode': 'RS_198', 'SpatialDimType': 'COUNTRY', 'SpatialDim': 'DNK', 'TimeDimType': 'YEAR', 'TimeDim': 2019, 'Dim1Type': 'SEX', 'Dim1': 'BTSX', 'Dim2Type': None, 'Dim2': None,...</msg>
<status status="PASS" starttime="20230115 20:11:41.121" endtime="20230115 20:11:41.121"/>
</kw>
<kw name="Append To List" library="Collections">
<arg>${latest_data_by_country}</arg>
<arg>${first_row}</arg>
<doc>Adds ``values`` to the end of ``list``.</doc>
<status status="PASS" starttime="20230115 20:11:41.121" endtime="20230115 20:11:41.122"/>
</kw>
<status status="PASS" starttime="20230115 20:11:41.120" endtime="20230115 20:11:41.122"/>
</iter>
<iter>
<var name="${group}">Table(columns=['Id', 'IndicatorCode', 'SpatialDimType', 'SpatialDim', 'TimeDimType', 'TimeDim', 'Dim1Type', 'Dim1', 'Dim2Type', 'Dim2', 'Dim3Type', 'Dim3', 'DataSourceDimType', 'DataSourceDim', 'Value...</var>
<kw name="Pop Table Row" library="RPA.Tables">
<var>${first_row}</var>
<arg>${group}</arg>
<doc>Remove row from table and return it.</doc>
<msg timestamp="20230115 20:11:41.122" level="INFO">${first_row} = {'Id': 25296399, 'IndicatorCode': 'RS_198', 'SpatialDimType': 'COUNTRY', 'SpatialDim': 'DEU', 'TimeDimType': 'YEAR', 'TimeDim': 2019, 'Dim1Type': 'SEX', 'Dim1': 'BTSX', 'Dim2Type': None, 'Dim2': None,...</msg>
<status status="PASS" starttime="20230115 20:11:41.122" endtime="20230115 20:11:41.122"/>
</kw>
<kw name="Append To List" library="Collections">
<arg>${latest_data_by_country}</arg>
<arg>${first_row}</arg>
<doc>Adds ``values`` to the end of ``list``.</doc>
<status status="PASS" starttime="20230115 20:11:41.123" endtime="20230115 20:11:41.123"/>
</kw>
<status status="PASS" starttime="20230115 20:11:41.122" endtime="20230115 20:11:41.123"/>
</iter>
<iter>
<var name="${group}">Table(columns=['Id', 'IndicatorCode', 'SpatialDimType', 'SpatialDim', 'TimeDimType', 'TimeDim', 'Dim1Type', 'Dim1', 'Dim2Type', 'Dim2', 'Dim3Type', 'Dim3', 'DataSourceDimType', 'DataSourceDim', 'Value...</var>
<kw name="Pop Table Row" library="RPA.Tables">
<var>${first_row}</var>
<arg>${group}</arg>
<doc>Remove row from table and return it.</doc>
<msg timestamp="20230115 20:11:41.123" level="INFO">${first_row} = {'Id': 25294595, 'IndicatorCode': 'RS_198', 'SpatialDimType': 'COUNTRY', 'SpatialDim': 'CYP', 'TimeDimType': 'YEAR', 'TimeDim': 2013, 'Dim1Type': 'SEX', 'Dim1': 'BTSX', 'Dim2Type': None, 'Dim2': None,...</msg>
<status status="PASS" starttime="20230115 20:11:41.123" endtime="20230115 20:11:41.124"/>
</kw>
<kw name="Append To List" library="Collections">
<arg>${latest_data_by_country}</arg>
<arg>${first_row}</arg>
<doc>Adds ``values`` to the end of ``list``.</doc>
<status status="PASS" starttime="20230115 20:11:41.124" endtime="20230115 20:11:41.124"/>
</kw>
<status status="PASS" starttime="20230115 20:11:41.123" endtime="20230115 20:11:41.124"/>
</iter>
<iter>
<var name="${group}">Table(columns=['Id', 'IndicatorCode', 'SpatialDimType', 'SpatialDim', 'TimeDimType', 'TimeDim', 'Dim1Type', 'Dim1', 'Dim2Type', 'Dim2', 'Dim3Type', 'Dim3', 'DataSourceDimType', 'DataSourceDim', 'Value...</var>
<kw name="Pop Table Row" library="RPA.Tables">
<var>${first_row}</var>
<arg>${group}</arg>
<doc>Remove row from table and return it.</doc>
<msg timestamp="20230115 20:11:41.125" level="INFO">${first_row} = {'Id': 25283809, 'IndicatorCode': 'RS_198', 'SpatialDimType': 'COUNTRY', 'SpatialDim': 'CHE', 'TimeDimType': 'YEAR', 'TimeDim': 2019, 'Dim1Type': 'SEX', 'Dim1': 'BTSX', 'Dim2Type': None, 'Dim2': None,...</msg>
<status status="PASS" starttime="20230115 20:11:41.124" endtime="20230115 20:11:41.125"/>
</kw>
<kw name="Append To List" library="Collections">
<arg>${latest_data_by_country}</arg>
<arg>${first_row}</arg>
<doc>Adds ``values`` to the end of ``list``.</doc>
<status status="PASS" starttime="20230115 20:11:41.125" endtime="20230115 20:11:41.125"/>
</kw>
<status status="PASS" starttime="20230115 20:11:41.124" endtime="20230115 20:11:41.125"/>
</iter>
<iter>
<var name="${group}">Table(columns=['Id', 'IndicatorCode', 'SpatialDimType', 'SpatialDim', 'TimeDimType', 'TimeDim', 'Dim1Type', 'Dim1', 'Dim2Type', 'Dim2', 'Dim3Type', 'Dim3', 'DataSourceDimType', 'DataSourceDim', 'Value...</var>
<kw name="Pop Table Row" library="RPA.Tables">
<var>${first_row}</var>
<arg>${group}</arg>
<doc>Remove row from table and return it.</doc>
<msg timestamp="20230115 20:11:41.126" level="INFO">${first_row} = {'Id': 25264908, 'IndicatorCode': 'RS_198', 'SpatialDimType': 'COUNTRY', 'SpatialDim': 'AUT', 'TimeDimType': 'YEAR', 'TimeDim': 2019, 'Dim1Type': 'SEX', 'Dim1': 'BTSX', 'Dim2Type': None, 'Dim2': None,...</msg>
<status status="PASS" starttime="20230115 20:11:41.125" endtime="20230115 20:11:41.126"/>
</kw>
<kw name="Append To List" library="Collections">
<arg>${latest_data_by_country}</arg>
<arg>${first_row}</arg>
<doc>Adds ``values`` to the end of ``list``.</doc>
<status status="PASS" starttime="20230115 20:11:41.126" endtime="20230115 20:11:41.126"/>
</kw>
<status status="PASS" starttime="20230115 20:11:41.125" endtime="20230115 20:11:41.127"/>
</iter>
<iter>
<var name="${group}">Table(columns=['Id', 'IndicatorCode', 'SpatialDimType', 'SpatialDim', 'TimeDimType', 'TimeDim', 'Dim1Type', 'Dim1', 'Dim2Type', 'Dim2', 'Dim3Type', 'Dim3', 'DataSourceDimType', 'DataSourceDim', 'Value...</var>
<kw name="Pop Table Row" library="RPA.Tables">
<var>${first_row}</var>
<arg>${group}</arg>
<doc>Remove row from table and return it.</doc>
<msg timestamp="20230115 20:11:41.127" level="INFO">${first_row} = {'Id': 25263981, 'IndicatorCode': 'RS_198', 'SpatialDimType': 'COUNTRY', 'SpatialDim': 'AUS', 'TimeDimType': 'YEAR', 'TimeDim': 2019, 'Dim1Type': 'SEX', 'Dim1': 'BTSX', 'Dim2Type': None, 'Dim2': None,...</msg>
<status status="PASS" starttime="20230115 20:11:41.127" endtime="20230115 20:11:41.127"/>
</kw>
<kw name="Append To List" library="Collections">
<arg>${latest_data_by_country}</arg>
<arg>${first_row}</arg>
<doc>Adds ``values`` to the end of ``list``.</doc>
<status status="PASS" starttime="20230115 20:11:41.127" endtime="20230115 20:11:41.128"/>
</kw>
<status status="PASS" starttime="20230115 20:11:41.127" endtime="20230115 20:11:41.128"/>
</iter>
<iter>
<var name="${group}">Table(columns=['Id', 'IndicatorCode', 'SpatialDimType', 'SpatialDim', 'TimeDimType', 'TimeDim', 'Dim1Type', 'Dim1', 'Dim2Type', 'Dim2', 'Dim3Type', 'Dim3', 'DataSourceDimType', 'DataSourceDim', 'Value...</var>
<kw name="Pop Table Row" library="RPA.Tables">
<var>${first_row}</var>
<arg>${group}</arg>
<doc>Remove row from table and return it.</doc>
<msg timestamp="20230115 20:11:41.128" level="INFO">${first_row} = {'Id': 25263077, 'IndicatorCode': 'RS_198', 'SpatialDimType': 'COUNTRY', 'SpatialDim': 'ATG', 'TimeDimType': 'YEAR', 'TimeDim': 2019, 'Dim1Type': 'SEX', 'Dim1': 'BTSX', 'Dim2Type': None, 'Dim2': None,...</msg>
<status status="PASS" starttime="20230115 20:11:41.128" endtime="20230115 20:11:41.128"/>
</kw>
<kw name="Append To List" library="Collections">
<arg>${latest_data_by_country}</arg>
<arg>${first_row}</arg>
<doc>Adds ``values`` to the end of ``list``.</doc>
<status status="PASS" starttime="20230115 20:11:41.128" endtime="20230115 20:11:41.129"/>
</kw>
<status status="PASS" starttime="20230115 20:11:41.128" endtime="20230115 20:11:41.129"/>
</iter>
<status status="PASS" starttime="20230115 20:11:41.089" endtime="20230115 20:11:41.129"/>
</for>
<return>
<value>${latest_data_by_country}</value>
<status status="PASS" starttime="20230115 20:11:41.129" endtime="20230115 20:11:41.129"/>
</return>
<msg timestamp="20230115 20:11:41.130" level="INFO">${filtered_data} = [{'Id': 25414305, 'IndicatorCode': 'RS_198', 'SpatialDimType': 'COUNTRY', 'SpatialDim': 'VCT', 'TimeDimType': 'YEAR', 'TimeDim': 2011, 'Dim1Type': 'SEX', 'Dim1': 'BTSX', 'Dim2Type': None, 'Dim2': None...</msg>
<status status="PASS" starttime="20230115 20:11:41.080" endtime="20230115 20:11:41.130"/>
</kw>
<kw name="Create work item payloads">
<var>${payloads}</var>
<arg>${filtered_data}</arg>
<kw name="Create List" library="BuiltIn">
<var>${payloads}</var>
<doc>Returns a list containing given items.</doc>
<msg timestamp="20230115 20:11:41.131" level="INFO">${payloads} = []</msg>
<status status="PASS" starttime="20230115 20:11:41.131" endtime="20230115 20:11:41.131"/>
</kw>
<for flavor="IN">
<var>${row}</var>
<value>@{traffic_data}</value>
<iter>
<var name="${row}">{'Id': 25414305, 'IndicatorCode': 'RS_198', 'SpatialDimType': 'COUNTRY', 'SpatialDim': 'VCT', 'TimeDimType': 'YEAR', 'TimeDim': 2011, 'Dim1Type': 'SEX', 'Dim1': 'BTSX', 'Dim2Type': None, 'Dim2': None,...</var>
<kw name="Create Dictionary" library="BuiltIn">
<var>${payload}</var>
<arg>country=${row}[${COUNTRY_KEY}]</arg>
<arg>year=${row}[${YEAR_KEY}]</arg>
<arg>rate=${row}[${RATE_KEY}]</arg>
<doc>Creates and returns a dictionary based on the given ``items``.</doc>
<msg timestamp="20230115 20:11:41.132" level="INFO">${payload} = {'country': 'VCT', 'year': 2011, 'rate': 3.69293}</msg>
<status status="PASS" starttime="20230115 20:11:41.131" endtime="20230115 20:11:41.132"/>
</kw>
<kw name="Append To List" library="Collections">
<arg>${payloads}</arg>
<arg>${payload}</arg>
<doc>Adds ``values`` to the end of ``list``.</doc>
<status status="PASS" starttime="20230115 20:11:41.132" endtime="20230115 20:11:41.133"/>
</kw>
<status status="PASS" starttime="20230115 20:11:41.131" endtime="20230115 20:11:41.133"/>
</iter>
<iter>
<var name="${row}">{'Id': 25396290, 'IndicatorCode': 'RS_198', 'SpatialDimType': 'COUNTRY', 'SpatialDim': 'SWError', 'TimeDimType': 'YEAR', 'TimeDim': 2019, 'Dim1Type': 'SEX', 'Dim1': 'BTSX', 'Dim2Type': None, 'Dim2': N...</var>
<kw name="Create Dictionary" library="BuiltIn">
<var>${payload}</var>
<arg>country=${row}[${COUNTRY_KEY}]</arg>
<arg>year=${row}[${YEAR_KEY}]</arg>
<arg>rate=${row}[${RATE_KEY}]</arg>
<doc>Creates and returns a dictionary based on the given ``items``.</doc>
<msg timestamp="20230115 20:11:41.134" level="INFO">${payload} = {'country': 'SWError', 'year': 2019, 'rate': 3.13947}</msg>
<status status="PASS" starttime="20230115 20:11:41.133" endtime="20230115 20:11:41.134"/>
</kw>
<kw name="Append To List" library="Collections">
<arg>${payloads}</arg>
<arg>${payload}</arg>
<doc>Adds ``values`` to the end of ``list``.</doc>
<status status="PASS" starttime="20230115 20:11:41.134" endtime="20230115 20:11:41.134"/>
</kw>
<status status="PASS" starttime="20230115 20:11:41.133" endtime="20230115 20:11:41.134"/>
</iter>
<iter>
<var name="${row}">{'Id': 25396263, 'IndicatorCode': 'RS_198', 'SpatialDimType': 'COUNTRY', 'SpatialDim': 'SWE', 'TimeDimType': 'YEAR', 'TimeDim': 2018, 'Dim1Type': 'SEX', 'Dim1': 'BTSX', 'Dim2Type': None, 'Dim2': None,...</var>
<kw name="Create Dictionary" library="BuiltIn">
<var>${payload}</var>
<arg>country=${row}[${COUNTRY_KEY}]</arg>
<arg>year=${row}[${YEAR_KEY}]</arg>
<arg>rate=${row}[${RATE_KEY}]</arg>
<doc>Creates and returns a dictionary based on the given ``items``.</doc>
<msg timestamp="20230115 20:11:41.135" level="INFO">${payload} = {'country': 'SWE', 'year': 2018, 'rate': 3.61718}</msg>
<status status="PASS" starttime="20230115 20:11:41.134" endtime="20230115 20:11:41.135"/>
</kw>
<kw name="Append To List" library="Collections">
<arg>${payloads}</arg>
<arg>${payload}</arg>
<doc>Adds ``values`` to the end of ``list``.</doc>
<status status="PASS" starttime="20230115 20:11:41.135" endtime="20230115 20:11:41.136"/>
</kw>
<status status="PASS" starttime="20230115 20:11:41.134" endtime="20230115 20:11:41.136"/>
</iter>
<iter>
<var name="${row}">{'Id': 25395399, 'IndicatorCode': 'RS_198', 'SpatialDimType': 'COUNTRY', 'SpatialDim': 'SVN', 'TimeDimType': 'YEAR', 'TimeDim': 2018, 'Dim1Type': 'SEX', 'Dim1': 'BTSX', 'Dim2Type': None, 'Dim2': None,...</var>
<kw name="Create Dictionary" library="BuiltIn">
<var>${payload}</var>
<arg>country=${row}[${COUNTRY_KEY}]</arg>
<arg>year=${row}[${YEAR_KEY}]</arg>
<arg>rate=${row}[${RATE_KEY}]</arg>
<doc>Creates and returns a dictionary based on the given ``items``.</doc>
<msg timestamp="20230115 20:11:41.137" level="INFO">${payload} = {'country': 'SVN', 'year': 2018, 'rate': 4.52394}</msg>
<status status="PASS" starttime="20230115 20:11:41.136" endtime="20230115 20:11:41.137"/>
</kw>
<kw name="Append To List" library="Collections">
<arg>${payloads}</arg>
<arg>${payload}</arg>
<doc>Adds ``values`` to the end of ``list``.</doc>
<status status="PASS" starttime="20230115 20:11:41.137" endtime="20230115 20:11:41.137"/>
</kw>
<status status="PASS" starttime="20230115 20:11:41.136" endtime="20230115 20:11:41.137"/>
</iter>
<iter>
<var name="${row}">{'Id': 25386375, 'IndicatorCode': 'RS_198', 'SpatialDimType': 'COUNTRY', 'SpatialDim': 'SGP', 'TimeDimType': 'YEAR', 'TimeDim': 2019, 'Dim1Type': 'SEX', 'Dim1': 'BTSX', 'Dim2Type': None, 'Dim2': None,...</var>
<kw name="Create Dictionary" library="BuiltIn">
<var>${payload}</var>
<arg>country=${row}[${COUNTRY_KEY}]</arg>
<arg>year=${row}[${YEAR_KEY}]</arg>
<arg>rate=${row}[${RATE_KEY}]</arg>
<doc>Creates and returns a dictionary based on the given ``items``.</doc>
<msg timestamp="20230115 20:11:41.138" level="INFO">${payload} = {'country': 'SGP', 'year': 2019, 'rate': 2.08609}</msg>
<status status="PASS" starttime="20230115 20:11:41.138" endtime="20230115 20:11:41.138"/>
</kw>
<kw name="Append To List" library="Collections">
<arg>${payloads}</arg>
<arg>${payload}</arg>
<doc>Adds ``values`` to the end of ``list``.</doc>
<status status="PASS" starttime="20230115 20:11:41.138" endtime="20230115 20:11:41.139"/>
</kw>
<status status="PASS" starttime="20230115 20:11:41.137" endtime="20230115 20:11:41.139"/>
</iter>
<iter>
<var name="${row}">{'Id': 25368358, 'IndicatorCode': 'RS_198', 'SpatialDimType': 'COUNTRY', 'SpatialDim': 'NOR', 'TimeDimType': 'YEAR', 'TimeDim': 2019, 'Dim1Type': 'SEX', 'Dim1': 'BTSX', 'Dim2Type': None, 'Dim2': None,...</var>
<kw name="Create Dictionary" library="BuiltIn">
<var>${payload}</var>
<arg>country=${row}[${COUNTRY_KEY}]</arg>
<arg>year=${row}[${YEAR_KEY}]</arg>
<arg>rate=${row}[${RATE_KEY}]</arg>
<doc>Creates and returns a dictionary based on the given ``items``.</doc>
<msg timestamp="20230115 20:11:41.140" level="INFO">${payload} = {'country': 'NOR', 'year': 2019, 'rate': 2.12302}</msg>
<status status="PASS" starttime="20230115 20:11:41.139" endtime="20230115 20:11:41.140"/>
</kw>
<kw name="Append To List" library="Collections">
<arg>${payloads}</arg>
<arg>${payload}</arg>
<doc>Adds ``values`` to the end of ``list``.</doc>
<status status="PASS" starttime="20230115 20:11:41.140" endtime="20230115 20:11:41.140"/>
</kw>
<status status="PASS" starttime="20230115 20:11:41.139" endtime="20230115 20:11:41.140"/>
</iter>
<iter>
<var name="${row}">{'Id': 25367485, 'IndicatorCode': 'RS_198', 'SpatialDimType': 'COUNTRY', 'SpatialDim': 'NLD', 'TimeDimType': 'YEAR', 'TimeDim': 2019, 'Dim1Type': 'SEX', 'Dim1': 'BTSX', 'Dim2Type': None, 'Dim2': None,...</var>
<kw name="Create Dictionary" library="BuiltIn">
<var>${payload}</var>
<arg>country=${row}[${COUNTRY_KEY}]</arg>
<arg>year=${row}[${YEAR_KEY}]</arg>
<arg>rate=${row}[${RATE_KEY}]</arg>
<doc>Creates and returns a dictionary based on the given ``items``.</doc>
<msg timestamp="20230115 20:11:41.141" level="INFO">${payload} = {'country': 'NLD', 'year': 2019, 'rate': 3.98313}</msg>
<status status="PASS" starttime="20230115 20:11:41.141" endtime="20230115 20:11:41.141"/>
</kw>
<kw name="Append To List" library="Collections">
<arg>${payloads}</arg>
<arg>${payload}</arg>
<doc>Adds ``values`` to the end of ``list``.</doc>
<status status="PASS" starttime="20230115 20:11:41.141" endtime="20230115 20:11:41.142"/>
</kw>
<status status="PASS" starttime="20230115 20:11:41.140" endtime="20230115 20:11:41.142"/>
</iter>
<iter>
<var name="${row}">{'Id': 25355795, 'IndicatorCode': 'RS_198', 'SpatialDimType': 'COUNTRY', 'SpatialDim': 'MLT', 'TimeDimType': 'YEAR', 'TimeDim': 2019, 'Dim1Type': 'SEX', 'Dim1': 'BTSX', 'Dim2Type': None, 'Dim2': None,...</var>
<kw name="Create Dictionary" library="BuiltIn">
<var>${payload}</var>
<arg>country=${row}[${COUNTRY_KEY}]</arg>
<arg>year=${row}[${YEAR_KEY}]</arg>
<arg>rate=${row}[${RATE_KEY}]</arg>
<doc>Creates and returns a dictionary based on the given ``items``.</doc>
<msg timestamp="20230115 20:11:41.143" level="INFO">${payload} = {'country': 'MLT', 'year': 2019, 'rate': 4.10715}</msg>
<status status="PASS" starttime="20230115 20:11:41.142" endtime="20230115 20:11:41.143"/>
</kw>
<kw name="Append To List" library="Collections">
<arg>${payloads}</arg>
<arg>${payload}</arg>
<doc>Adds ``values`` to the end of ``list``.</doc>
<status status="PASS" starttime="20230115 20:11:41.143" endtime="20230115 20:11:41.143"/>
</kw>
<status status="PASS" starttime="20230115 20:11:41.142" endtime="20230115 20:11:41.143"/>
</iter>
<iter>
<var name="${row}">{'Id': 25352172, 'IndicatorCode': 'RS_198', 'SpatialDimType': 'COUNTRY', 'SpatialDim': 'MDV', 'TimeDimType': 'YEAR', 'TimeDim': 2019, 'Dim1Type': 'SEX', 'Dim1': 'BTSX', 'Dim2Type': None, 'Dim2': None,...</var>
<kw name="Create Dictionary" library="BuiltIn">
<var>${payload}</var>
<arg>country=${row}[${COUNTRY_KEY}]</arg>
<arg>year=${row}[${YEAR_KEY}]</arg>
<arg>rate=${row}[${RATE_KEY}]</arg>
<doc>Creates and returns a dictionary based on the given ``items``.</doc>
<msg timestamp="20230115 20:11:41.144" level="INFO">${payload} = {'country': 'MDV', 'year': 2019, 'rate': 1.6277}</msg>
<status status="PASS" starttime="20230115 20:11:41.143" endtime="20230115 20:11:41.144"/>
</kw>
<kw name="Append To List" library="Collections">
<arg>${payloads}</arg>
<arg>${payload}</arg>
<doc>Adds ``values`` to the end of ``list``.</doc>
<status status="PASS" starttime="20230115 20:11:41.144" endtime="20230115 20:11:41.145"/>
</kw>
<status status="PASS" starttime="20230115 20:11:41.143" endtime="20230115 20:11:41.145"/>
</iter>
<iter>
<var name="${row}">{'Id': 25347667, 'IndicatorCode': 'RS_198', 'SpatialDimType': 'COUNTRY', 'SpatialDim': 'LUX', 'TimeDimType': 'YEAR', 'TimeDim': 2019, 'Dim1Type': 'SEX', 'Dim1': 'BTSX', 'Dim2Type': None, 'Dim2': None,...</var>
<kw name="Create Dictionary" library="BuiltIn">
<var>${payload}</var>
<arg>country=${row}[${COUNTRY_KEY}]</arg>
<arg>year=${row}[${YEAR_KEY}]</arg>
<arg>rate=${row}[${RATE_KEY}]</arg>
<doc>Creates and returns a dictionary based on the given ``items``.</doc>
<msg timestamp="20230115 20:11:41.145" level="INFO">${payload} = {'country': 'LUX', 'year': 2019, 'rate': 4.07499}</msg>
<status status="PASS" starttime="20230115 20:11:41.145" endtime="20230115 20:11:41.146"/>
</kw>
<kw name="Append To List" library="Collections">
<arg>${payloads}</arg>
<arg>${payload}</arg>
<doc>Adds ``values`` to the end of ``list``.</doc>
<status status="PASS" starttime="20230115 20:11:41.146" endtime="20230115 20:11:41.146"/>
</kw>
<status status="PASS" starttime="20230115 20:11:41.145" endtime="20230115 20:11:41.146"/>
</iter>
<iter>
<var name="${row}">{'Id': 25344109, 'IndicatorCode': 'RS_198', 'SpatialDimType': 'COUNTRY', 'SpatialDim': 'LCA', 'TimeDimType': 'YEAR', 'TimeDim': 2008, 'Dim1Type': 'SEX', 'Dim1': 'BTSX', 'Dim2Type': None, 'Dim2': None,...</var>
<kw name="Create Dictionary" library="BuiltIn">
<var>${payload}</var>
<arg>country=${row}[${COUNTRY_KEY}]</arg>
<arg>year=${row}[${YEAR_KEY}]</arg>
<arg>rate=${row}[${RATE_KEY}]</arg>
<doc>Creates and returns a dictionary based on the given ``items``.</doc>
<msg timestamp="20230115 20:11:41.147" level="INFO">${payload} = {'country': 'LCA', 'year': 2008, 'rate': 3.52918}</msg>
<status status="PASS" starttime="20230115 20:11:41.146" endtime="20230115 20:11:41.147"/>
</kw>
<kw name="Append To List" library="Collections">
<arg>${payloads}</arg>
<arg>${payload}</arg>
<doc>Adds ``values`` to the end of ``list``.</doc>
<status status="PASS" starttime="20230115 20:11:41.147" endtime="20230115 20:11:41.147"/>
</kw>
<status status="PASS" starttime="20230115 20:11:41.146" endtime="20230115 20:11:41.147"/>
</iter>
<iter>
<var name="${row}">{'Id': 25337776, 'IndicatorCode': 'RS_198', 'SpatialDimType': 'COUNTRY', 'SpatialDim': 'KIR', 'TimeDimType': 'YEAR', 'TimeDim': 2019, 'Dim1Type': 'SEX', 'Dim1': 'BTSX', 'Dim2Type': None, 'Dim2': None,...</var>
<kw name="Create Dictionary" library="BuiltIn">
<var>${payload}</var>
<arg>country=${row}[${COUNTRY_KEY}]</arg>
<arg>year=${row}[${YEAR_KEY}]</arg>
<arg>rate=${row}[${RATE_KEY}]</arg>
<doc>Creates and returns a dictionary based on the given ``items``.</doc>
<msg timestamp="20230115 20:11:41.148" level="INFO">${payload} = {'country': 'KIR', 'year': 2019, 'rate': 1.92481}</msg>
<status status="PASS" starttime="20230115 20:11:41.148" endtime="20230115 20:11:41.148"/>
</kw>
<kw name="Append To List" library="Collections">
<arg>${payloads}</arg>
<arg>${payload}</arg>
<doc>Adds ``values`` to the end of ``list``.</doc>
<status status="PASS" starttime="20230115 20:11:41.149" endtime="20230115 20:11:41.149"/>
</kw>
<status status="PASS" starttime="20230115 20:11:41.148" endtime="20230115 20:11:41.149"/>
</iter>
<iter>
<var name="${row}">{'Id': 25333279, 'IndicatorCode': 'RS_198', 'SpatialDimType': 'COUNTRY', 'SpatialDim': 'JPN', 'TimeDimType': 'YEAR', 'TimeDim': 2019, 'Dim1Type': 'SEX', 'Dim1': 'BTSX', 'Dim2Type': None, 'Dim2': None,...</var>
<kw name="Create Dictionary" library="BuiltIn">
<var>${payload}</var>
<arg>country=${row}[${COUNTRY_KEY}]</arg>
<arg>year=${row}[${YEAR_KEY}]</arg>
<arg>rate=${row}[${RATE_KEY}]</arg>
<doc>Creates and returns a dictionary based on the given ``items``.</doc>
<msg timestamp="20230115 20:11:41.150" level="INFO">${payload} = {'country': 'JPN', 'year': 2019, 'rate': 3.59908}</msg>
<status status="PASS" starttime="20230115 20:11:41.149" endtime="20230115 20:11:41.150"/>
</kw>
<kw name="Append To List" library="Collections">
<arg>${payloads}</arg>
<arg>${payload}</arg>
<doc>Adds ``values`` to the end of ``list``.</doc>
<status status="PASS" starttime="20230115 20:11:41.150" endtime="20230115 20:11:41.151"/>
</kw>
<status status="PASS" starttime="20230115 20:11:41.149" endtime="20230115 20:11:41.151"/>
</iter>
<iter>
<var name="${row}">{'Id': 25329697, 'IndicatorCode': 'RS_198', 'SpatialDimType': 'COUNTRY', 'SpatialDim': 'ISR', 'TimeDimType': 'YEAR', 'TimeDim': 2019, 'Dim1Type': 'SEX', 'Dim1': 'BTSX', 'Dim2Type': None, 'Dim2': None,...</var>
<kw name="Create Dictionary" library="BuiltIn">
<var>${payload}</var>
<arg>country=${row}[${COUNTRY_KEY}]</arg>
<arg>year=${row}[${YEAR_KEY}]</arg>
<arg>rate=${row}[${RATE_KEY}]</arg>
<doc>Creates and returns a dictionary based on the given ``items``.</doc>
<msg timestamp="20230115 20:11:41.152" level="INFO">${payload} = {'country': 'ISR', 'year': 2019, 'rate': 3.90874}</msg>
<status status="PASS" starttime="20230115 20:11:41.151" endtime="20230115 20:11:41.152"/>
</kw>
<kw name="Append To List" library="Collections">
<arg>${payloads}</arg>
<arg>${payload}</arg>
<doc>Adds ``values`` to the end of ``list``.</doc>
<status status="PASS" starttime="20230115 20:11:41.152" endtime="20230115 20:11:41.152"/>
</kw>
<status status="PASS" starttime="20230115 20:11:41.151" endtime="20230115 20:11:41.152"/>
</iter>
<iter>
<var name="${row}">{'Id': 25328814, 'IndicatorCode': 'RS_198', 'SpatialDimType': 'COUNTRY', 'SpatialDim': 'ISL', 'TimeDimType': 'YEAR', 'TimeDim': 2019, 'Dim1Type': 'SEX', 'Dim1': 'BTSX', 'Dim2Type': None, 'Dim2': None,...</var>
<kw name="Create Dictionary" library="BuiltIn">
<var>${payload}</var>
<arg>country=${row}[${COUNTRY_KEY}]</arg>
<arg>year=${row}[${YEAR_KEY}]</arg>
<arg>rate=${row}[${RATE_KEY}]</arg>
<doc>Creates and returns a dictionary based on the given ``items``.</doc>
<msg timestamp="20230115 20:11:41.153" level="INFO">${payload} = {'country': 'ISL', 'year': 2019, 'rate': 2.04915}</msg>
<status status="PASS" starttime="20230115 20:11:41.152" endtime="20230115 20:11:41.153"/>
</kw>
<kw name="Append To List" library="Collections">
<arg>${payloads}</arg>
<arg>${payload}</arg>
<doc>Adds ``values`` to the end of ``list``.</doc>
<status status="PASS" starttime="20230115 20:11:41.154" endtime="20230115 20:11:41.154"/>
</kw>
<status status="PASS" starttime="20230115 20:11:41.152" endtime="20230115 20:11:41.154"/>
</iter>
<iter>
<var name="${row}">{'Id': 25326084, 'IndicatorCode': 'RS_198', 'SpatialDimType': 'COUNTRY', 'SpatialDim': 'IRL', 'TimeDimType': 'YEAR', 'TimeDim': 2019, 'Dim1Type': 'SEX', 'Dim1': 'BTSX', 'Dim2Type': None, 'Dim2': None,...</var>
<kw name="Create Dictionary" library="BuiltIn">
<var>${payload}</var>
<arg>country=${row}[${COUNTRY_KEY}]</arg>
<arg>year=${row}[${YEAR_KEY}]</arg>
<arg>rate=${row}[${RATE_KEY}]</arg>
<doc>Creates and returns a dictionary based on the given ``items``.</doc>
<msg timestamp="20230115 20:11:41.155" level="INFO">${payload} = {'country': 'IRL', 'year': 2019, 'rate': 3.13364}</msg>
<status status="PASS" starttime="20230115 20:11:41.154" endtime="20230115 20:11:41.155"/>
</kw>
<kw name="Append To List" library="Collections">
<arg>${payloads}</arg>
<arg>${payload}</arg>
<doc>Adds ``values`` to the end of ``list``.</doc>
<status status="PASS" starttime="20230115 20:11:41.155" endtime="20230115 20:11:41.156"/>
</kw>
<status status="PASS" starttime="20230115 20:11:41.154" endtime="20230115 20:11:41.156"/>
</iter>
<iter>
<var name="${row}">{'Id': 25318901, 'IndicatorCode': 'RS_198', 'SpatialDimType': 'COUNTRY', 'SpatialDim': 'GTM', 'TimeDimType': 'YEAR', 'TimeDim': 2006, 'Dim1Type': 'SEX', 'Dim1': 'BTSX', 'Dim2Type': None, 'Dim2': None,...</var>
<kw name="Create Dictionary" library="BuiltIn">
<var>${payload}</var>
<arg>country=${row}[${COUNTRY_KEY}]</arg>
<arg>year=${row}[${YEAR_KEY}]</arg>
<arg>rate=${row}[${RATE_KEY}]</arg>
<doc>Creates and returns a dictionary based on the given ``items``.</doc>
<msg timestamp="20230115 20:11:41.157" level="INFO">${payload} = {'country': 'GTM', 'year': 2006, 'rate': 4.61297}</msg>
<status status="PASS" starttime="20230115 20:11:41.156" endtime="20230115 20:11:41.157"/>
</kw>
<kw name="Append To List" library="Collections">
<arg>${payloads}</arg>
<arg>${payload}</arg>
<doc>Adds ``values`` to the end of ``list``.</doc>
<status status="PASS" starttime="20230115 20:11:41.157" endtime="20230115 20:11:41.157"/>
</kw>
<status status="PASS" starttime="20230115 20:11:41.156" endtime="20230115 20:11:41.157"/>
</iter>
<iter>
<var name="${row}">{'Id': 25317960, 'IndicatorCode': 'RS_198', 'SpatialDimType': 'COUNTRY', 'SpatialDim': 'GRD', 'TimeDimType': 'YEAR', 'TimeDim': 2014, 'Dim1Type': 'SEX', 'Dim1': 'BTSX', 'Dim2Type': None, 'Dim2': None,...</var>
<kw name="Create Dictionary" library="BuiltIn">
<var>${payload}</var>
<arg>country=${row}[${COUNTRY_KEY}]</arg>
<arg>year=${row}[${YEAR_KEY}]</arg>
<arg>rate=${row}[${RATE_KEY}]</arg>
<doc>Creates and returns a dictionary based on the given ``items``.</doc>
<msg timestamp="20230115 20:11:41.158" level="INFO">${payload} = {'country': 'GRD', 'year': 2014, 'rate': 4.59137}</msg>
<status status="PASS" starttime="20230115 20:11:41.157" endtime="20230115 20:11:41.158"/>
</kw>
<kw name="Append To List" library="Collections">
<arg>${payloads}</arg>
<arg>${payload}</arg>
<doc>Adds ``values`` to the end of ``list``.</doc>
<status status="PASS" starttime="20230115 20:11:41.158" endtime="20230115 20:11:41.159"/>
</kw>
<status status="PASS" starttime="20230115 20:11:41.157" endtime="20230115 20:11:41.159"/>
</iter>
<iter>
<var name="${row}">{'Id': 25310762, 'IndicatorCode': 'RS_198', 'SpatialDimType': 'COUNTRY', 'SpatialDim': 'GBR', 'TimeDimType': 'YEAR', 'TimeDim': 2019, 'Dim1Type': 'SEX', 'Dim1': 'BTSX', 'Dim2Type': None, 'Dim2': None,...</var>
<kw name="Create Dictionary" library="BuiltIn">
<var>${payload}</var>
<arg>country=${row}[${COUNTRY_KEY}]</arg>
<arg>year=${row}[${YEAR_KEY}]</arg>
<arg>rate=${row}[${RATE_KEY}]</arg>
<doc>Creates and returns a dictionary based on the given ``items``.</doc>
<msg timestamp="20230115 20:11:41.160" level="INFO">${payload} = {'country': 'GBR', 'year': 2019, 'rate': 3.21187}</msg>
<status status="PASS" starttime="20230115 20:11:41.159" endtime="20230115 20:11:41.160"/>
</kw>
<kw name="Append To List" library="Collections">
<arg>${payloads}</arg>
<arg>${payload}</arg>
<doc>Adds ``values`` to the end of ``list``.</doc>
<status status="PASS" starttime="20230115 20:11:41.160" endtime="20230115 20:11:41.160"/>
</kw>
<status status="PASS" starttime="20230115 20:11:41.159" endtime="20230115 20:11:41.160"/>
</iter>
<iter>
<var name="${row}">{'Id': 25308972, 'IndicatorCode': 'RS_198', 'SpatialDimType': 'COUNTRY', 'SpatialDim': 'FSM', 'TimeDimType': 'YEAR', 'TimeDim': 2019, 'Dim1Type': 'SEX', 'Dim1': 'BTSX', 'Dim2Type': None, 'Dim2': None,...</var>
<kw name="Create Dictionary" library="BuiltIn">
<var>${payload}</var>
<arg>country=${row}[${COUNTRY_KEY}]</arg>
<arg>year=${row}[${YEAR_KEY}]</arg>
<arg>rate=${row}[${RATE_KEY}]</arg>
<doc>Creates and returns a dictionary based on the given ``items``.</doc>
<msg timestamp="20230115 20:11:41.161" level="INFO">${payload} = {'country': 'FSM', 'year': 2019, 'rate': 0.15972}</msg>
<status status="PASS" starttime="20230115 20:11:41.161" endtime="20230115 20:11:41.161"/>
</kw>
<kw name="Append To List" library="Collections">
<arg>${payloads}</arg>
<arg>${payload}</arg>
<doc>Adds ``values`` to the end of ``list``.</doc>
<status status="PASS" starttime="20230115 20:11:41.161" endtime="20230115 20:11:41.162"/>
</kw>
<status status="PASS" starttime="20230115 20:11:41.160" endtime="20230115 20:11:41.162"/>
</iter>
<iter>
<var name="${row}">{'Id': 25306262, 'IndicatorCode': 'RS_198', 'SpatialDimType': 'COUNTRY', 'SpatialDim': 'FIN', 'TimeDimType': 'YEAR', 'TimeDim': 2019, 'Dim1Type': 'SEX', 'Dim1': 'BTSX', 'Dim2Type': None, 'Dim2': None,...</var>
<kw name="Create Dictionary" library="BuiltIn">
<var>${payload}</var>
<arg>country=${row}[${COUNTRY_KEY}]</arg>
<arg>year=${row}[${YEAR_KEY}]</arg>
<arg>rate=${row}[${RATE_KEY}]</arg>
<doc>Creates and returns a dictionary based on the given ``items``.</doc>
<msg timestamp="20230115 20:11:41.163" level="INFO">${payload} = {'country': 'FIN', 'year': 2019, 'rate': 3.88637}</msg>
<status status="PASS" starttime="20230115 20:11:41.162" endtime="20230115 20:11:41.163"/>
</kw>
<kw name="Append To List" library="Collections">
<arg>${payloads}</arg>
<arg>${payload}</arg>
<doc>Adds ``values`` to the end of ``list``.</doc>
<status status="PASS" starttime="20230115 20:11:41.163" endtime="20230115 20:11:41.163"/>
</kw>
<status status="PASS" starttime="20230115 20:11:41.162" endtime="20230115 20:11:41.163"/>
</iter>
<iter>
<var name="${row}">{'Id': 25304500, 'IndicatorCode': 'RS_198', 'SpatialDimType': 'COUNTRY', 'SpatialDim': 'EST', 'TimeDimType': 'YEAR', 'TimeDim': 2019, 'Dim1Type': 'SEX', 'Dim1': 'BTSX', 'Dim2Type': None, 'Dim2': None,...</var>
<kw name="Create Dictionary" library="BuiltIn">
<var>${payload}</var>
<arg>country=${row}[${COUNTRY_KEY}]</arg>
<arg>year=${row}[${YEAR_KEY}]</arg>
<arg>rate=${row}[${RATE_KEY}]</arg>
<doc>Creates and returns a dictionary based on the given ``items``.</doc>
<msg timestamp="20230115 20:11:41.164" level="INFO">${payload} = {'country': 'EST', 'year': 2019, 'rate': 4.46408}</msg>
<status status="PASS" starttime="20230115 20:11:41.163" endtime="20230115 20:11:41.164"/>
</kw>
<kw name="Append To List" library="Collections">
<arg>${payloads}</arg>
<arg>${payload}</arg>
<doc>Adds ``values`` to the end of ``list``.</doc>
<status status="PASS" starttime="20230115 20:11:41.164" endtime="20230115 20:11:41.164"/>
</kw>
<status status="PASS" starttime="20230115 20:11:41.163" endtime="20230115 20:11:41.165"/>
</iter>
<iter>
<var name="${row}">{'Id': 25303612, 'IndicatorCode': 'RS_198', 'SpatialDimType': 'COUNTRY', 'SpatialDim': 'ESP', 'TimeDimType': 'YEAR', 'TimeDim': 2019, 'Dim1Type': 'SEX', 'Dim1': 'BTSX', 'Dim2Type': None, 'Dim2': None,...</var>
<kw name="Create Dictionary" library="BuiltIn">
<var>${payload}</var>
<arg>country=${row}[${COUNTRY_KEY}]</arg>
<arg>year=${row}[${YEAR_KEY}]</arg>
<arg>rate=${row}[${RATE_KEY}]</arg>
<doc>Creates and returns a dictionary based on the given ``items``.</doc>
<msg timestamp="20230115 20:11:41.166" level="INFO">${payload} = {'country': 'ESP', 'year': 2019, 'rate': 3.91405}</msg>
<status status="PASS" starttime="20230115 20:11:41.165" endtime="20230115 20:11:41.166"/>
</kw>
<kw name="Append To List" library="Collections">
<arg>${payloads}</arg>
<arg>${payload}</arg>
<doc>Adds ``values`` to the end of ``list``.</doc>
<status status="PASS" starttime="20230115 20:11:41.166" endtime="20230115 20:11:41.166"/>
</kw>
<status status="PASS" starttime="20230115 20:11:41.165" endtime="20230115 20:11:41.166"/>
</iter>
<iter>
<var name="${row}">{'Id': 25298206, 'IndicatorCode': 'RS_198', 'SpatialDimType': 'COUNTRY', 'SpatialDim': 'DNK', 'TimeDimType': 'YEAR', 'TimeDim': 2019, 'Dim1Type': 'SEX', 'Dim1': 'BTSX', 'Dim2Type': None, 'Dim2': None,...</var>
<kw name="Create Dictionary" library="BuiltIn">
<var>${payload}</var>
<arg>country=${row}[${COUNTRY_KEY}]</arg>
<arg>year=${row}[${YEAR_KEY}]</arg>
<arg>rate=${row}[${RATE_KEY}]</arg>
<doc>Creates and returns a dictionary based on the given ``items``.</doc>
<msg timestamp="20230115 20:11:41.167" level="INFO">${payload} = {'country': 'DNK', 'year': 2019, 'rate': 3.69833}</msg>
<status status="PASS" starttime="20230115 20:11:41.167" endtime="20230115 20:11:41.167"/>
</kw>
<kw name="Append To List" library="Collections">
<arg>${payloads}</arg>
<arg>${payload}</arg>
<doc>Adds ``values`` to the end of ``list``.</doc>
<status status="PASS" starttime="20230115 20:11:41.167" endtime="20230115 20:11:41.168"/>
</kw>
<status status="PASS" starttime="20230115 20:11:41.166" endtime="20230115 20:11:41.168"/>
</iter>
<iter>
<var name="${row}">{'Id': 25296399, 'IndicatorCode': 'RS_198', 'SpatialDimType': 'COUNTRY', 'SpatialDim': 'DEU', 'TimeDimType': 'YEAR', 'TimeDim': 2019, 'Dim1Type': 'SEX', 'Dim1': 'BTSX', 'Dim2Type': None, 'Dim2': None,...</var>
<kw name="Create Dictionary" library="BuiltIn">
<var>${payload}</var>
<arg>country=${row}[${COUNTRY_KEY}]</arg>
<arg>year=${row}[${YEAR_KEY}]</arg>
<arg>rate=${row}[${RATE_KEY}]</arg>
<doc>Creates and returns a dictionary based on the given ``items``.</doc>
<msg timestamp="20230115 20:11:41.169" level="INFO">${payload} = {'country': 'DEU', 'year': 2019, 'rate': 3.78353}</msg>
<status status="PASS" starttime="20230115 20:11:41.168" endtime="20230115 20:11:41.169"/>
</kw>
<kw name="Append To List" library="Collections">
<arg>${payloads}</arg>
<arg>${payload}</arg>
<doc>Adds ``values`` to the end of ``list``.</doc>
<status status="PASS" starttime="20230115 20:11:41.169" endtime="20230115 20:11:41.169"/>
</kw>
<status status="PASS" starttime="20230115 20:11:41.168" endtime="20230115 20:11:41.169"/>
</iter>
<iter>
<var name="${row}">{'Id': 25294595, 'IndicatorCode': 'RS_198', 'SpatialDimType': 'COUNTRY', 'SpatialDim': 'CYP', 'TimeDimType': 'YEAR', 'TimeDim': 2013, 'Dim1Type': 'SEX', 'Dim1': 'BTSX', 'Dim2Type': None, 'Dim2': None,...</var>
<kw name="Create Dictionary" library="BuiltIn">
<var>${payload}</var>
<arg>country=${row}[${COUNTRY_KEY}]</arg>
<arg>year=${row}[${YEAR_KEY}]</arg>
<arg>rate=${row}[${RATE_KEY}]</arg>
<doc>Creates and returns a dictionary based on the given ``items``.</doc>
<msg timestamp="20230115 20:11:41.170" level="INFO">${payload} = {'country': 'CYP', 'year': 2013, 'rate': 4.9831}</msg>
<status status="PASS" starttime="20230115 20:11:41.169" endtime="20230115 20:11:41.170"/>
</kw>
<kw name="Append To List" library="Collections">
<arg>${payloads}</arg>
<arg>${payload}</arg>
<doc>Adds ``values`` to the end of ``list``.</doc>
<status status="PASS" starttime="20230115 20:11:41.170" endtime="20230115 20:11:41.171"/>
</kw>
<status status="PASS" starttime="20230115 20:11:41.169" endtime="20230115 20:11:41.171"/>
</iter>
<iter>
<var name="${row}">{'Id': 25283809, 'IndicatorCode': 'RS_198', 'SpatialDimType': 'COUNTRY', 'SpatialDim': 'CHE', 'TimeDimType': 'YEAR', 'TimeDim': 2019, 'Dim1Type': 'SEX', 'Dim1': 'BTSX', 'Dim2Type': None, 'Dim2': None,...</var>
<kw name="Create Dictionary" library="BuiltIn">
<var>${payload}</var>
<arg>country=${row}[${COUNTRY_KEY}]</arg>
<arg>year=${row}[${YEAR_KEY}]</arg>
<arg>rate=${row}[${RATE_KEY}]</arg>
<doc>Creates and returns a dictionary based on the given ``items``.</doc>
<msg timestamp="20230115 20:11:41.172" level="INFO">${payload} = {'country': 'CHE', 'year': 2019, 'rate': 2.24644}</msg>
<status status="PASS" starttime="20230115 20:11:41.171" endtime="20230115 20:11:41.172"/>
</kw>
<kw name="Append To List" library="Collections">
<arg>${payloads}</arg>
<arg>${payload}</arg>
<doc>Adds ``values`` to the end of ``list``.</doc>
<status status="PASS" starttime="20230115 20:11:41.172" endtime="20230115 20:11:41.172"/>
</kw>
<status status="PASS" starttime="20230115 20:11:41.171" endtime="20230115 20:11:41.172"/>
</iter>
<iter>
<var name="${row}">{'Id': 25264908, 'IndicatorCode': 'RS_198', 'SpatialDimType': 'COUNTRY', 'SpatialDim': 'AUT', 'TimeDimType': 'YEAR', 'TimeDim': 2019, 'Dim1Type': 'SEX', 'Dim1': 'BTSX', 'Dim2Type': None, 'Dim2': None,...</var>
<kw name="Create Dictionary" library="BuiltIn">
<var>${payload}</var>
<arg>country=${row}[${COUNTRY_KEY}]</arg>
<arg>year=${row}[${YEAR_KEY}]</arg>
<arg>rate=${row}[${RATE_KEY}]</arg>
<doc>Creates and returns a dictionary based on the given ``items``.</doc>
<msg timestamp="20230115 20:11:41.173" level="INFO">${payload} = {'country': 'AUT', 'year': 2019, 'rate': 4.86592}</msg>
<status status="PASS" starttime="20230115 20:11:41.172" endtime="20230115 20:11:41.173"/>
</kw>
<kw name="Append To List" library="Collections">
<arg>${payloads}</arg>
<arg>${payload}</arg>
<doc>Adds ``values`` to the end of ``list``.</doc>
<status status="PASS" starttime="20230115 20:11:41.173" endtime="20230115 20:11:41.173"/>
</kw>
<status status="PASS" starttime="20230115 20:11:41.172" endtime="20230115 20:11:41.174"/>
</iter>
<iter>
<var name="${row}">{'Id': 25263981, 'IndicatorCode': 'RS_198', 'SpatialDimType': 'COUNTRY', 'SpatialDim': 'AUS', 'TimeDimType': 'YEAR', 'TimeDim': 2019, 'Dim1Type': 'SEX', 'Dim1': 'BTSX', 'Dim2Type': None, 'Dim2': None,...</var>
<kw name="Create Dictionary" library="BuiltIn">
<var>${payload}</var>
<arg>country=${row}[${COUNTRY_KEY}]</arg>
<arg>year=${row}[${YEAR_KEY}]</arg>
<arg>rate=${row}[${RATE_KEY}]</arg>
<doc>Creates and returns a dictionary based on the given ``items``.</doc>
<msg timestamp="20230115 20:11:41.174" level="INFO">${payload} = {'country': 'AUS', 'year': 2019, 'rate': 4.93914}</msg>
<status status="PASS" starttime="20230115 20:11:41.174" endtime="20230115 20:11:41.174"/>
</kw>
<kw name="Append To List" library="Collections">
<arg>${payloads}</arg>
<arg>${payload}</arg>
<doc>Adds ``values`` to the end of ``list``.</doc>
<status status="PASS" starttime="20230115 20:11:41.175" endtime="20230115 20:11:41.175"/>
</kw>
<status status="PASS" starttime="20230115 20:11:41.174" endtime="20230115 20:11:41.175"/>
</iter>
<iter>
<var name="${row}">{'Id': 25263077, 'IndicatorCode': 'RS_198', 'SpatialDimType': 'COUNTRY', 'SpatialDim': 'ATG', 'TimeDimType': 'YEAR', 'TimeDim': 2019, 'Dim1Type': 'SEX', 'Dim1': 'BTSX', 'Dim2Type': None, 'Dim2': None,...</var>
<kw name="Create Dictionary" library="BuiltIn">
<var>${payload}</var>
<arg>country=${row}[${COUNTRY_KEY}]</arg>
<arg>year=${row}[${YEAR_KEY}]</arg>
<arg>rate=${row}[${RATE_KEY}]</arg>
<doc>Creates and returns a dictionary based on the given ``items``.</doc>
<msg timestamp="20230115 20:11:41.176" level="INFO">${payload} = {'country': 'ATG', 'year': 2019, 'rate': 0.0}</msg>
<status status="PASS" starttime="20230115 20:11:41.175" endtime="20230115 20:11:41.176"/>
</kw>
<kw name="Append To List" library="Collections">
<arg>${payloads}</arg>
<arg>${payload}</arg>
<doc>Adds ``values`` to the end of ``list``.</doc>
<status status="PASS" starttime="20230115 20:11:41.176" endtime="20230115 20:11:41.176"/>
</kw>
<status status="PASS" starttime="20230115 20:11:41.175" endtime="20230115 20:11:41.176"/>
</iter>
<status status="PASS" starttime="20230115 20:11:41.131" endtime="20230115 20:11:41.177"/>
</for>
<return>
<value>${payloads}</value>
<status status="PASS" starttime="20230115 20:11:41.177" endtime="20230115 20:11:41.177"/>
</return>
<msg timestamp="20230115 20:11:41.177" level="INFO">${payloads} = [{'country': 'VCT', 'year': 2011, 'rate': 3.69293}, {'country': 'SWError', 'year': 2019, 'rate': 3.13947}, {'country': 'SWE', 'year': 2018, 'rate': 3.61718}, {'country': 'SVN', 'year': 2018, 'rate': 4...</msg>
<status status="PASS" starttime="20230115 20:11:41.130" endtime="20230115 20:11:41.177"/>
</kw>
<kw name="Save work item payloads">
<arg>${payloads}</arg>
<for flavor="IN">
<var>${payload}</var>
<value>@{payloads}</value>
<iter>
<var name="${payload}">{'country': 'VCT', 'year': 2011, 'rate': 3.69293}</var>
<kw name="Save work item payload">
<arg>${payload}</arg>
<kw name="Create Dictionary" library="BuiltIn">
<var>${variables}</var>
<arg>${WORK_ITEM_NAME}=${payload}</arg>
<doc>Creates and returns a dictionary based on the given ``items``.</doc>
<msg timestamp="20230115 20:11:41.179" level="INFO">${variables} = {'traffic_data': {'country': 'VCT', 'year': 2011, 'rate': 3.69293}}</msg>
<status status="PASS" starttime="20230115 20:11:41.179" endtime="20230115 20:11:41.179"/>
</kw>
<kw name="Create Output Work Item" library="RPA.Robocorp.WorkItems">
<arg>variables=${variables}</arg>
<arg>save=True</arg>
<doc>Create a new output work item with optional variables and files.</doc>
<msg timestamp="20230115 20:11:41.180" level="INFO">traffic_data = {'country': 'VCT', 'year': 2011, 'rate': 3.69293}</msg>
<msg timestamp="20230115 20:11:41.182" level="INFO">Saved into output file: C:\Users\nicoc\Documents\GitHub\RoboCorpsCurso\InhumanInsuranceCertiIII\devdata\work-items-out\run-1\work-items.json</msg>
<status status="PASS" starttime="20230115 20:11:41.179" endtime="20230115 20:11:41.182"/>
</kw>
<status status="PASS" starttime="20230115 20:11:41.178" endtime="20230115 20:11:41.182"/>
</kw>
<status status="PASS" starttime="20230115 20:11:41.178" endtime="20230115 20:11:41.182"/>
</iter>
<iter>
<var name="${payload}">{'country': 'SWError', 'year': 2019, 'rate': 3.13947}</var>
<kw name="Save work item payload">
<arg>${payload}</arg>
<kw name="Create Dictionary" library="BuiltIn">
<var>${variables}</var>
<arg>${WORK_ITEM_NAME}=${payload}</arg>
<doc>Creates and returns a dictionary based on the given ``items``.</doc>
<msg timestamp="20230115 20:11:41.183" level="INFO">${variables} = {'traffic_data': {'country': 'SWError', 'year': 2019, 'rate': 3.13947}}</msg>
<status status="PASS" starttime="20230115 20:11:41.183" endtime="20230115 20:11:41.183"/>
</kw>
<kw name="Create Output Work Item" library="RPA.Robocorp.WorkItems">
<arg>variables=${variables}</arg>
<arg>save=True</arg>
<doc>Create a new output work item with optional variables and files.</doc>
<msg timestamp="20230115 20:11:41.184" level="INFO">traffic_data = {'country': 'SWError', 'year': 2019, 'rate': 3.13947}</msg>
<msg timestamp="20230115 20:11:41.185" level="INFO">Saved into output file: C:\Users\nicoc\Documents\GitHub\RoboCorpsCurso\InhumanInsuranceCertiIII\devdata\work-items-out\run-1\work-items.json</msg>
<status status="PASS" starttime="20230115 20:11:41.184" endtime="20230115 20:11:41.185"/>
</kw>
<status status="PASS" starttime="20230115 20:11:41.183" endtime="20230115 20:11:41.185"/>
</kw>
<status status="PASS" starttime="20230115 20:11:41.182" endtime="20230115 20:11:41.185"/>
</iter>
<iter>
<var name="${payload}">{'country': 'SWE', 'year': 2018, 'rate': 3.61718}</var>
<kw name="Save work item payload">
<arg>${payload}</arg>
<kw name="Create Dictionary" library="BuiltIn">
<var>${variables}</var>
<arg>${WORK_ITEM_NAME}=${payload}</arg>
<doc>Creates and returns a dictionary based on the given ``items``.</doc>
<msg timestamp="20230115 20:11:41.186" level="INFO">${variables} = {'traffic_data': {'country': 'SWE', 'year': 2018, 'rate': 3.61718}}</msg>
<status status="PASS" starttime="20230115 20:11:41.186" endtime="20230115 20:11:41.186"/>
</kw>
<kw name="Create Output Work Item" library="RPA.Robocorp.WorkItems">
<arg>variables=${variables}</arg>
<arg>save=True</arg>
<doc>Create a new output work item with optional variables and files.</doc>
<msg timestamp="20230115 20:11:41.187" level="INFO">traffic_data = {'country': 'SWE', 'year': 2018, 'rate': 3.61718}</msg>
<msg timestamp="20230115 20:11:41.188" level="INFO">Saved into output file: C:\Users\nicoc\Documents\GitHub\RoboCorpsCurso\InhumanInsuranceCertiIII\devdata\work-items-out\run-1\work-items.json</msg>
<status status="PASS" starttime="20230115 20:11:41.187" endtime="20230115 20:11:41.189"/>
</kw>
<status status="PASS" starttime="20230115 20:11:41.185" endtime="20230115 20:11:41.189"/>
</kw>
<status status="PASS" starttime="20230115 20:11:41.185" endtime="20230115 20:11:41.189"/>
</iter>
<iter>
<var name="${payload}">{'country': 'SVN', 'year': 2018, 'rate': 4.52394}</var>
<kw name="Save work item payload">
<arg>${payload}</arg>
<kw name="Create Dictionary" library="BuiltIn">
<var>${variables}</var>
<arg>${WORK_ITEM_NAME}=${payload}</arg>
<doc>Creates and returns a dictionary based on the given ``items``.</doc>
<msg timestamp="20230115 20:11:41.190" level="INFO">${variables} = {'traffic_data': {'country': 'SVN', 'year': 2018, 'rate': 4.52394}}</msg>
<status status="PASS" starttime="20230115 20:11:41.190" endtime="20230115 20:11:41.190"/>
</kw>
<kw name="Create Output Work Item" library="RPA.Robocorp.WorkItems">
<arg>variables=${variables}</arg>
<arg>save=True</arg>
<doc>Create a new output work item with optional variables and files.</doc>
<msg timestamp="20230115 20:11:41.191" level="INFO">traffic_data = {'country': 'SVN', 'year': 2018, 'rate': 4.52394}</msg>
<msg timestamp="20230115 20:11:41.192" level="INFO">Saved into output file: C:\Users\nicoc\Documents\GitHub\RoboCorpsCurso\InhumanInsuranceCertiIII\devdata\work-items-out\run-1\work-items.json</msg>
<status status="PASS" starttime="20230115 20:11:41.191" endtime="20230115 20:11:41.192"/>
</kw>
<status status="PASS" starttime="20230115 20:11:41.189" endtime="20230115 20:11:41.192"/>
</kw>
<status status="PASS" starttime="20230115 20:11:41.189" endtime="20230115 20:11:41.192"/>
</iter>
<iter>
<var name="${payload}">{'country': 'SGP', 'year': 2019, 'rate': 2.08609}</var>
<kw name="Save work item payload">
<arg>${payload}</arg>
<kw name="Create Dictionary" library="BuiltIn">
<var>${variables}</var>
<arg>${WORK_ITEM_NAME}=${payload}</arg>
<doc>Creates and returns a dictionary based on the given ``items``.</doc>
<msg timestamp="20230115 20:11:41.193" level="INFO">${variables} = {'traffic_data': {'country': 'SGP', 'year': 2019, 'rate': 2.08609}}</msg>
<status status="PASS" starttime="20230115 20:11:41.193" endtime="20230115 20:11:41.193"/>
</kw>
<kw name="Create Output Work Item" library="RPA.Robocorp.WorkItems">
<arg>variables=${variables}</arg>
<arg>save=True</arg>
<doc>Create a new output work item with optional variables and files.</doc>
<msg timestamp="20230115 20:11:41.194" level="INFO">traffic_data = {'country': 'SGP', 'year': 2019, 'rate': 2.08609}</msg>
<msg timestamp="20230115 20:11:41.195" level="INFO">Saved into output file: C:\Users\nicoc\Documents\GitHub\RoboCorpsCurso\InhumanInsuranceCertiIII\devdata\work-items-out\run-1\work-items.json</msg>
[...]
<arg>${payload}</arg>
<kw name="Create Dictionary" library="BuiltIn">
<var>${variables}</var>
<arg>${WORK_ITEM_NAME}=${payload}</arg>
<doc>Creates and returns a dictionary based on the given ``items``.</doc>
<msg timestamp="20230115 20:11:41.230" level="INFO">${variables} = {'traffic_data': {'country': 'GTM', 'year': 2006, 'rate': 4.61297}}</msg>
<status status="PASS" starttime="20230115 20:11:41.230" endtime="20230115 20:11:41.230"/>
</kw>
<kw name="Create Output Work Item" library="RPA.Robocorp.WorkItems">
<arg>variables=${variables}</arg>
<arg>save=True</arg>
<doc>Create a new output work item with optional variables and files.</doc>
<msg timestamp="20230115 20:11:41.231" level="INFO">traffic_data = {'country': 'GTM', 'year': 2006, 'rate': 4.61297}</msg>
<msg timestamp="20230115 20:11:41.231" level="INFO">Saved into output file: C:\Users\nicoc\Documents\GitHub\RoboCorpsCurso\InhumanInsuranceCertiIII\devdata\work-items-out\run-1\work-items.json</msg>
<status status="PASS" starttime="20230115 20:11:41.230" endtime="20230115 20:11:41.231"/>
</kw>
<status status="PASS" starttime="20230115 20:11:41.229" endtime="20230115 20:11:41.232"/>
</kw>
<status status="PASS" starttime="20230115 20:11:41.229" endtime="20230115 20:11:41.232"/>
</iter>
<iter>
<var name="${payload}">{'country': 'GRD', 'year': 2014, 'rate': 4.59137}</var>
<kw name="Save work item payload">
<arg>${payload}</arg>
<kw name="Create Dictionary" library="BuiltIn">
<var>${variables}</var>
<arg>${WORK_ITEM_NAME}=${payload}</arg>
<doc>Creates and returns a dictionary based on the given ``items``.</doc>
<msg timestamp="20230115 20:11:41.233" level="INFO">${variables} = {'traffic_data': {'country': 'GRD', 'year': 2014, 'rate': 4.59137}}</msg>
<status status="PASS" starttime="20230115 20:11:41.232" endtime="20230115 20:11:41.233"/>
</kw>
<kw name="Create Output Work Item" library="RPA.Robocorp.WorkItems">
<arg>variables=${variables}</arg>
<arg>save=True</arg>
<doc>Create a new output work item with optional variables and files.</doc>
<msg timestamp="20230115 20:11:41.233" level="INFO">traffic_data = {'country': 'GRD', 'year': 2014, 'rate': 4.59137}</msg>
<msg timestamp="20230115 20:11:41.234" level="INFO">Saved into output file: C:\Users\nicoc\Documents\GitHub\RoboCorpsCurso\InhumanInsuranceCertiIII\devdata\work-items-out\run-1\work-items.json</msg>
<status status="PASS" starttime="20230115 20:11:41.233" endtime="20230115 20:11:41.234"/>
</kw>
<status status="PASS" starttime="20230115 20:11:41.232" endtime="20230115 20:11:41.235"/>
</kw>
<status status="PASS" starttime="20230115 20:11:41.232" endtime="20230115 20:11:41.235"/>
</iter>
<iter>
<var name="${payload}">{'country': 'GBR', 'year': 2019, 'rate': 3.21187}</var>
<kw name="Save work item payload">
<arg>${payload}</arg>
<kw name="Create Dictionary" library="BuiltIn">
<var>${variables}</var>
<arg>${WORK_ITEM_NAME}=${payload}</arg>
<doc>Creates and returns a dictionary based on the given ``items``.</doc>
<msg timestamp="20230115 20:11:41.236" level="INFO">${variables} = {'traffic_data': {'country': 'GBR', 'year': 2019, 'rate': 3.21187}}</msg>
<status status="PASS" starttime="20230115 20:11:41.235" endtime="20230115 20:11:41.236"/>
</kw>
<kw name="Create Output Work Item" library="RPA.Robocorp.WorkItems">
<arg>variables=${variables}</arg>
<arg>save=True</arg>
<doc>Create a new output work item with optional variables and files.</doc>
<msg timestamp="20230115 20:11:41.237" level="INFO">traffic_data = {'country': 'GBR', 'year': 2019, 'rate': 3.21187}</msg>
<msg timestamp="20230115 20:11:41.238" level="INFO">Saved into output file: C:\Users\nicoc\Documents\GitHub\RoboCorpsCurso\InhumanInsuranceCertiIII\devdata\work-items-out\run-1\work-items.json</msg>
<status status="PASS" starttime="20230115 20:11:41.236" endtime="20230115 20:11:41.238"/>
</kw>
<status status="PASS" starttime="20230115 20:11:41.235" endtime="20230115 20:11:41.238"/>
</kw>
<status status="PASS" starttime="20230115 20:11:41.235" endtime="20230115 20:11:41.238"/>
</iter>
<iter>
<var name="${payload}">{'country': 'FSM', 'year': 2019, 'rate': 0.15972}</var>
<kw name="Save work item payload">
<arg>${payload}</arg>
<kw name="Create Dictionary" library="BuiltIn">
<var>${variables}</var>
<arg>${WORK_ITEM_NAME}=${payload}</arg>
<doc>Creates and returns a dictionary based on the given ``items``.</doc>
<msg timestamp="20230115 20:11:41.239" level="INFO">${variables} = {'traffic_data': {'country': 'FSM', 'year': 2019, 'rate': 0.15972}}</msg>
<status status="PASS" starttime="20230115 20:11:41.239" endtime="20230115 20:11:41.240"/>
</kw>
<kw name="Create Output Work Item" library="RPA.Robocorp.WorkItems">
<arg>variables=${variables}</arg>
<arg>save=True</arg>
<doc>Create a new output work item with optional variables and files.</doc>
<msg timestamp="20230115 20:11:41.240" level="INFO">traffic_data = {'country': 'FSM', 'year': 2019, 'rate': 0.15972}</msg>
<msg timestamp="20230115 20:11:41.241" level="INFO">Saved into output file: C:\Users\nicoc\Documents\GitHub\RoboCorpsCurso\InhumanInsuranceCertiIII\devdata\work-items-out\run-1\work-items.json</msg>
<status status="PASS" starttime="20230115 20:11:41.240" endtime="20230115 20:11:41.241"/>
</kw>
<status status="PASS" starttime="20230115 20:11:41.239" endtime="20230115 20:11:41.241"/>
</kw>
<status status="PASS" starttime="20230115 20:11:41.238" endtime="20230115 20:11:41.241"/>
</iter>
<iter>
<var name="${payload}">{'country': 'FIN', 'year': 2019, 'rate': 3.88637}</var>
<kw name="Save work item payload">
<arg>${payload}</arg>
<kw name="Create Dictionary" library="BuiltIn">
<var>${variables}</var>
<arg>${WORK_ITEM_NAME}=${payload}</arg>
<doc>Creates and returns a dictionary based on the given ``items``.</doc>
<msg timestamp="20230115 20:11:41.242" level="INFO">${variables} = {'traffic_data': {'country': 'FIN', 'year': 2019, 'rate': 3.88637}}</msg>
<status status="PASS" starttime="20230115 20:11:41.242" endtime="20230115 20:11:41.243"/>
</kw>
<kw name="Create Output Work Item" library="RPA.Robocorp.WorkItems">
<arg>variables=${variables}</arg>
<arg>save=True</arg>
<doc>Create a new output work item with optional variables and files.</doc>
<msg timestamp="20230115 20:11:41.243" level="INFO">traffic_data = {'country': 'FIN', 'year': 2019, 'rate': 3.88637}</msg>
<msg timestamp="20230115 20:11:41.244" level="INFO">Saved into output file: C:\Users\nicoc\Documents\GitHub\RoboCorpsCurso\InhumanInsuranceCertiIII\devdata\work-items-out\run-1\work-items.json</msg>
<status status="PASS" starttime="20230115 20:11:41.243" endtime="20230115 20:11:41.244"/>
</kw>
<status status="PASS" starttime="20230115 20:11:41.242" endtime="20230115 20:11:41.244"/>
</kw>
<status status="PASS" starttime="20230115 20:11:41.242" endtime="20230115 20:11:41.244"/>
</iter>
<iter>
<var name="${payload}">{'country': 'EST', 'year': 2019, 'rate': 4.46408}</var>
<kw name="Save work item payload">
<arg>${payload}</arg>
<kw name="Create Dictionary" library="BuiltIn">
<var>${variables}</var>
<arg>${WORK_ITEM_NAME}=${payload}</arg>
<doc>Creates and returns a dictionary based on the given ``items``.</doc>
<msg timestamp="20230115 20:11:41.245" level="INFO">${variables} = {'traffic_data': {'country': 'EST', 'year': 2019, 'rate': 4.46408}}</msg>
<status status="PASS" starttime="20230115 20:11:41.245" endtime="20230115 20:11:41.245"/>
</kw>
<kw name="Create Output Work Item" library="RPA.Robocorp.WorkItems">
<arg>variables=${variables}</arg>
<arg>save=True</arg>
<doc>Create a new output work item with optional variables and files.</doc>
<msg timestamp="20230115 20:11:41.246" level="INFO">traffic_data = {'country': 'EST', 'year': 2019, 'rate': 4.46408}</msg>
<msg timestamp="20230115 20:11:41.247" level="INFO">Saved into output file: C:\Users\nicoc\Documents\GitHub\RoboCorpsCurso\InhumanInsuranceCertiIII\devdata\work-items-out\run-1\work-items.json</msg>
<status status="PASS" starttime="20230115 20:11:41.245" endtime="20230115 20:11:41.247"/>
</kw>
<status status="PASS" starttime="20230115 20:11:41.244" endtime="20230115 20:11:41.247"/>
</kw>
<status status="PASS" starttime="20230115 20:11:41.244" endtime="20230115 20:11:41.247"/>
</iter>
<iter>
<var name="${payload}">{'country': 'ESP', 'year': 2019, 'rate': 3.91405}</var>
<kw name="Save work item payload">
<arg>${payload}</arg>
<kw name="Create Dictionary" library="BuiltIn">
<var>${variables}</var>
<arg>${WORK_ITEM_NAME}=${payload}</arg>
<doc>Creates and returns a dictionary based on the given ``items``.</doc>
<msg timestamp="20230115 20:11:41.248" level="INFO">${variables} = {'traffic_data': {'country': 'ESP', 'year': 2019, 'rate': 3.91405}}</msg>
<status status="PASS" starttime="20230115 20:11:41.248" endtime="20230115 20:11:41.248"/>
</kw>
<kw name="Create Output Work Item" library="RPA.Robocorp.WorkItems">
<arg>variables=${variables}</arg>
<arg>save=True</arg>
<doc>Create a new output work item with optional variables and files.</doc>
<msg timestamp="20230115 20:11:41.249" level="INFO">traffic_data = {'country': 'ESP', 'year': 2019, 'rate': 3.91405}</msg>
<msg timestamp="20230115 20:11:41.250" level="INFO">Saved into output file: C:\Users\nicoc\Documents\GitHub\RoboCorpsCurso\InhumanInsuranceCertiIII\devdata\work-items-out\run-1\work-items.json</msg>
<status status="PASS" starttime="20230115 20:11:41.248" endtime="20230115 20:11:41.250"/>
</kw>
<status status="PASS" starttime="20230115 20:11:41.247" endtime="20230115 20:11:41.250"/>
</kw>
<status status="PASS" starttime="20230115 20:11:41.247" endtime="20230115 20:11:41.250"/>
</iter>
<iter>
<var name="${payload}">{'country': 'DNK', 'year': 2019, 'rate': 3.69833}</var>
<kw name="Save work item payload">
<arg>${payload}</arg>
<kw name="Create Dictionary" library="BuiltIn">
<var>${variables}</var>
<arg>${WORK_ITEM_NAME}=${payload}</arg>
<doc>Creates and returns a dictionary based on the given ``items``.</doc>
<msg timestamp="20230115 20:11:41.251" level="INFO">${variables} = {'traffic_data': {'country': 'DNK', 'year': 2019, 'rate': 3.69833}}</msg>
<status status="PASS" starttime="20230115 20:11:41.251" endtime="20230115 20:11:41.251"/>
</kw>
<kw name="Create Output Work Item" library="RPA.Robocorp.WorkItems">
<arg>variables=${variables}</arg>
<arg>save=True</arg>
<doc>Create a new output work item with optional variables and files.</doc>
<msg timestamp="20230115 20:11:41.252" level="INFO">traffic_data = {'country': 'DNK', 'year': 2019, 'rate': 3.69833}</msg>
<msg timestamp="20230115 20:11:41.253" level="INFO">Saved into output file: C:\Users\nicoc\Documents\GitHub\RoboCorpsCurso\InhumanInsuranceCertiIII\devdata\work-items-out\run-1\work-items.json</msg>
<status status="PASS" starttime="20230115 20:11:41.251" endtime="20230115 20:11:41.253"/>
</kw>
<status status="PASS" starttime="20230115 20:11:41.250" endtime="20230115 20:11:41.253"/>
</kw>
<status status="PASS" starttime="20230115 20:11:41.250" endtime="20230115 20:11:41.253"/>
</iter>
<iter>
<var name="${payload}">{'country': 'DEU', 'year': 2019, 'rate': 3.78353}</var>
<kw name="Save work item payload">
<arg>${payload}</arg>
<kw name="Create Dictionary" library="BuiltIn">
<var>${variables}</var>
<arg>${WORK_ITEM_NAME}=${payload}</arg>
<doc>Creates and returns a dictionary based on the given ``items``.</doc>
<msg timestamp="20230115 20:11:41.255" level="INFO">${variables} = {'traffic_data': {'country': 'DEU', 'year': 2019, 'rate': 3.78353}}</msg>
<status status="PASS" starttime="20230115 20:11:41.254" endtime="20230115 20:11:41.255"/>
</kw>
<kw name="Create Output Work Item" library="RPA.Robocorp.WorkItems">
<arg>variables=${variables}</arg>
<arg>save=True</arg>
<doc>Create a new output work item with optional variables and files.</doc>
<msg timestamp="20230115 20:11:41.256" level="INFO">traffic_data = {'country': 'DEU', 'year': 2019, 'rate': 3.78353}</msg>
<msg timestamp="20230115 20:11:41.256" level="INFO">Saved into output file: C:\Users\nicoc\Documents\GitHub\RoboCorpsCurso\InhumanInsuranceCertiIII\devdata\work-items-out\run-1\work-items.json</msg>
<status status="PASS" starttime="20230115 20:11:41.255" endtime="20230115 20:11:41.257"/>
</kw>
<status status="PASS" starttime="20230115 20:11:41.254" endtime="20230115 20:11:41.257"/>
</kw>
<status status="PASS" starttime="20230115 20:11:41.253" endtime="20230115 20:11:41.257"/>
</iter>
<iter>
<var name="${payload}">{'country': 'CYP', 'year': 2013, 'rate': 4.9831}</var>
<kw name="Save work item payload">
<arg>${payload}</arg>
<kw name="Create Dictionary" library="BuiltIn">
<var>${variables}</var>
<arg>${WORK_ITEM_NAME}=${payload}</arg>
<doc>Creates and returns a dictionary based on the given ``items``.</doc>
<msg timestamp="20230115 20:11:41.258" level="INFO">${variables} = {'traffic_data': {'country': 'CYP', 'year': 2013, 'rate': 4.9831}}</msg>
<status status="PASS" starttime="20230115 20:11:41.258" endtime="20230115 20:11:41.258"/>
</kw>
<kw name="Create Output Work Item" library="RPA.Robocorp.WorkItems">
<arg>variables=${variables}</arg>
<arg>save=True</arg>
<doc>Create a new output work item with optional variables and files.</doc>
<msg timestamp="20230115 20:11:41.259" level="INFO">traffic_data = {'country': 'CYP', 'year': 2013, 'rate': 4.9831}</msg>
<msg timestamp="20230115 20:11:41.259" level="INFO">Saved into output file: C:\Users\nicoc\Documents\GitHub\RoboCorpsCurso\InhumanInsuranceCertiIII\devdata\work-items-out\run-1\work-items.json</msg>
<status status="PASS" starttime="20230115 20:11:41.258" endtime="20230115 20:11:41.260"/>
</kw>
<status status="PASS" starttime="20230115 20:11:41.257" endtime="20230115 20:11:41.260"/>
</kw>
<status status="PASS" starttime="20230115 20:11:41.257" endtime="20230115 20:11:41.260"/>
</iter>
<iter>
<var name="${payload}">{'country': 'CHE', 'year': 2019, 'rate': 2.24644}</var>
<kw name="Save work item payload">
<arg>${payload}</arg>
<kw name="Create Dictionary" library="BuiltIn">
<var>${variables}</var>
<arg>${WORK_ITEM_NAME}=${payload}</arg>
<doc>Creates and returns a dictionary based on the given ``items``.</doc>
<msg timestamp="20230115 20:11:41.261" level="INFO">${variables} = {'traffic_data': {'country': 'CHE', 'year': 2019, 'rate': 2.24644}}</msg>
<status status="PASS" starttime="20230115 20:11:41.261" endtime="20230115 20:11:41.262"/>
</kw>
<kw name="Create Output Work Item" library="RPA.Robocorp.WorkItems">
<arg>variables=${variables}</arg>
<arg>save=True</arg>
<doc>Create a new output work item with optional variables and files.</doc>
<msg timestamp="20230115 20:11:41.262" level="INFO">traffic_data = {'country': 'CHE', 'year': 2019, 'rate': 2.24644}</msg>
<msg timestamp="20230115 20:11:41.263" level="INFO">Saved into output file: C:\Users\nicoc\Documents\GitHub\RoboCorpsCurso\InhumanInsuranceCertiIII\devdata\work-items-out\run-1\work-items.json</msg>
<status status="PASS" starttime="20230115 20:11:41.262" endtime="20230115 20:11:41.263"/>
</kw>
<status status="PASS" starttime="20230115 20:11:41.261" endtime="20230115 20:11:41.263"/>
</kw>
<status status="PASS" starttime="20230115 20:11:41.260" endtime="20230115 20:11:41.264"/>
</iter>
<iter>
<var name="${payload}">{'country': 'AUT', 'year': 2019, 'rate': 4.86592}</var>
<kw name="Save work item payload">
<arg>${payload}</arg>
<kw name="Create Dictionary" library="BuiltIn">
<var>${variables}</var>
<arg>${WORK_ITEM_NAME}=${payload}</arg>
<doc>Creates and returns a dictionary based on the given ``items``.</doc>
<msg timestamp="20230115 20:11:41.265" level="INFO">${variables} = {'traffic_data': {'country': 'AUT', 'year': 2019, 'rate': 4.86592}}</msg>
<status status="PASS" starttime="20230115 20:11:41.264" endtime="20230115 20:11:41.265"/>
</kw>
<kw name="Create Output Work Item" library="RPA.Robocorp.WorkItems">
<arg>variables=${variables}</arg>
<arg>save=True</arg>
<doc>Create a new output work item with optional variables and files.</doc>
<msg timestamp="20230115 20:11:41.265" level="INFO">traffic_data = {'country': 'AUT', 'year': 2019, 'rate': 4.86592}</msg>
<msg timestamp="20230115 20:11:41.266" level="INFO">Saved into output file: C:\Users\nicoc\Documents\GitHub\RoboCorpsCurso\InhumanInsuranceCertiIII\devdata\work-items-out\run-1\work-items.json</msg>
<status status="PASS" starttime="20230115 20:11:41.265" endtime="20230115 20:11:41.266"/>
</kw>
<status status="PASS" starttime="20230115 20:11:41.264" endtime="20230115 20:11:41.267"/>
</kw>
<status status="PASS" starttime="20230115 20:11:41.264" endtime="20230115 20:11:41.267"/>
</iter>
<iter>
<var name="${payload}">{'country': 'AUS', 'year': 2019, 'rate': 4.93914}</var>
<kw name="Save work item payload">
<arg>${payload}</arg>
<kw name="Create Dictionary" library="BuiltIn">
<var>${variables}</var>
<arg>${WORK_ITEM_NAME}=${payload}</arg>
<doc>Creates and returns a dictionary based on the given ``items``.</doc>
<msg timestamp="20230115 20:11:41.268" level="INFO">${variables} = {'traffic_data': {'country': 'AUS', 'year': 2019, 'rate': 4.93914}}</msg>
<status status="PASS" starttime="20230115 20:11:41.267" endtime="20230115 20:11:41.268"/>
</kw>
<kw name="Create Output Work Item" library="RPA.Robocorp.WorkItems">
<arg>variables=${variables}</arg>
<arg>save=True</arg>
<doc>Create a new output work item with optional variables and files.</doc>
<msg timestamp="20230115 20:11:41.268" level="INFO">traffic_data = {'country': 'AUS', 'year': 2019, 'rate': 4.93914}</msg>
<msg timestamp="20230115 20:11:41.269" level="INFO">Saved into output file: C:\Users\nicoc\Documents\GitHub\RoboCorpsCurso\InhumanInsuranceCertiIII\devdata\work-items-out\run-1\work-items.json</msg>
<status status="PASS" starttime="20230115 20:11:41.268" endtime="20230115 20:11:41.269"/>
</kw>
<status status="PASS" starttime="20230115 20:11:41.267" endtime="20230115 20:11:41.270"/>
</kw>
<status status="PASS" starttime="20230115 20:11:41.267" endtime="20230115 20:11:41.270"/>
</iter>
<iter>
<var name="${payload}">{'country': 'ATG', 'year': 2019, 'rate': 0.0}</var>
<kw name="Save work item payload">
<arg>${payload}</arg>
<kw name="Create Dictionary" library="BuiltIn">
<var>${variables}</var>
<arg>${WORK_ITEM_NAME}=${payload}</arg>
<doc>Creates and returns a dictionary based on the given ``items``.</doc>
<msg timestamp="20230115 20:11:41.271" level="INFO">${variables} = {'traffic_data': {'country': 'ATG', 'year': 2019, 'rate': 0.0}}</msg>
<status status="PASS" starttime="20230115 20:11:41.271" endtime="20230115 20:11:41.271"/>
</kw>
<kw name="Create Output Work Item" library="RPA.Robocorp.WorkItems">
<arg>variables=${variables}</arg>
<arg>save=True</arg>
<doc>Create a new output work item with optional variables and files.</doc>
<msg timestamp="20230115 20:11:41.272" level="INFO">traffic_data = {'country': 'ATG', 'year': 2019, 'rate': 0.0}</msg>
<msg timestamp="20230115 20:11:41.273" level="INFO">Saved into output file: C:\Users\nicoc\Documents\GitHub\RoboCorpsCurso\InhumanInsuranceCertiIII\devdata\work-items-out\run-1\work-items.json</msg>
<status status="PASS" starttime="20230115 20:11:41.271" endtime="20230115 20:11:41.274"/>
</kw>
<status status="PASS" starttime="20230115 20:11:41.270" endtime="20230115 20:11:41.274"/>
</kw>
<status status="PASS" starttime="20230115 20:11:41.270" endtime="20230115 20:11:41.274"/>
</iter>
<status status="PASS" starttime="20230115 20:11:41.178" endtime="20230115 20:11:41.274"/>
</for>
<status status="PASS" starttime="20230115 20:11:41.178" endtime="20230115 20:11:41.274"/>
</kw>
<status status="PASS" starttime="20230115 20:11:38.998" endtime="20230115 20:11:41.275"/>
</test>
<doc>Inhuman Insurance, Inc. Artificial Intelligence System robot.
Produces traffic data work items.</doc>
<status status="PASS" starttime="20230115 20:11:37.936" endtime="20230115 20:11:41.276"/>
</suite>
<statistics>
<total>
<stat pass="1" fail="0" skip="0">All Tasks</stat>
</total>
<tag>
</tag>
<suite>
<stat pass="1" fail="0" skip="0" id="s1" name="Producer">Producer</stat>
</suite>
</statistics>
<errors>
<msg timestamp="20230115 20:11:38.997" level="WARN">No input work items file found: None</msg>
</errors>
</robot>
